2021-04-24 19:15:56.835 [info] <0.44.0> Application lager started on node nonode@nohost
2021-04-24 19:15:56.839 [info] <0.44.0> Application hut started on node nonode@nohost
2021-04-24 19:15:56.855 [info] <0.352.0> Setup running ...
2021-04-24 19:15:56.858 [info] <0.352.0> Directories verified. Res = ok
2021-04-24 19:15:56.858 [info] <0.352.0> Setup finished processing hooks (Mode=normal)...
2021-04-24 19:15:56.858 [info] <0.44.0> Application setup started on node nonode@nohost
2021-04-24 19:15:56.859 [info] <0.44.0> Application bear started on node nonode@nohost
2021-04-24 19:15:56.875 [info] <0.44.0> Application folsom started on node nonode@nohost
2021-04-24 19:15:56.875 [info] <0.44.0> Application parse_trans started on node nonode@nohost
2021-04-24 19:15:56.923 [info] <0.368.0> msg: "Starting reporters with [{reporters,\n                             [{'Elixir.BitcoinStream.ExometerReportDash',[]}]},\n                         {subscribers,\n                             [{'Elixir.BitcoinStream.ExometerReportDash',\n                                  [erlang,memory],\n                                  [atom,binary,ets,processes,total],\n                                  1000,true},\n                              {'Elixir.BitcoinStream.ExometerReportDash',\n                                  [erlang,statistics],\n                                  run_queue,1000,true}]}]\n", options: []
2021-04-24 19:15:56.937 [info] <0.44.0> Application exometer_core started on node nonode@nohost
2021-04-24 19:15:56.937 [info] <0.44.0> Application pobox started on node nonode@nohost
2021-04-24 19:15:56.950 [info] <0.44.0> Application elixometer started on node nonode@nohost
2021-04-24 19:15:56.950 [info] <0.44.0> Application eex started on node nonode@nohost
2021-04-24 19:15:56.960 [info] <0.44.0> Application mime started on node nonode@nohost
2021-04-24 19:15:56.963 [info] <0.44.0> Application plug_crypto started on node nonode@nohost
2021-04-24 19:15:56.972 [info] <0.44.0> Application telemetry started on node nonode@nohost
2021-04-24 19:15:56.978 [info] <0.44.0> Application plug started on node nonode@nohost
2021-04-24 19:15:56.978 [info] <0.44.0> Application corsica started on node nonode@nohost
2021-04-24 19:15:56.983 [info] <0.44.0> Application chumak started on node nonode@nohost
2021-04-24 19:15:56.983 [info] <0.44.0> Application unicode_util_compat started on node nonode@nohost
2021-04-24 19:15:56.984 [info] <0.44.0> Application idna started on node nonode@nohost
2021-04-24 19:15:56.985 [info] <0.44.0> Application mimerl started on node nonode@nohost
2021-04-24 19:15:56.985 [info] <0.44.0> Application certifi started on node nonode@nohost
2021-04-24 19:15:56.985 [info] <0.44.0> Application ssl_verify_fun started on node nonode@nohost
2021-04-24 19:15:56.985 [info] <0.44.0> Application metrics started on node nonode@nohost
2021-04-24 19:15:57.017 [info] <0.44.0> Application hackney started on node nonode@nohost
2021-04-24 19:15:57.169 [info] <0.44.0> Application tzdata started on node nonode@nohost
2021-04-24 19:15:57.169 [info] <0.44.0> Application combine started on node nonode@nohost
2021-04-24 19:15:57.173 [info] <0.44.0> Application gettext started on node nonode@nohost
2021-04-24 19:15:57.178 [info] <0.44.0> Application timex started on node nonode@nohost
2021-04-24 19:15:57.179 [info] <0.44.0> Application decimal started on node nonode@nohost
2021-04-24 19:15:57.179 [info] <0.44.0> Application bitcoinex started on node nonode@nohost
2021-04-24 19:15:57.179 [info] <0.44.0> Application cowlib started on node nonode@nohost
2021-04-24 19:15:57.185 [info] <0.44.0> Application ranch started on node nonode@nohost
2021-04-24 19:15:57.189 [info] <0.44.0> Application cowboy started on node nonode@nohost
2021-04-24 19:15:57.190 [info] <0.44.0> Application cowboy_telemetry started on node nonode@nohost
2021-04-24 19:15:57.191 [info] <0.44.0> Application plug_cowboy started on node nonode@nohost
2021-04-24 19:15:57.191 [info] <0.44.0> Application jason started on node nonode@nohost
2021-04-24 19:15:57.319 [info] <0.44.0> Application bitcoin_stream started on node nonode@nohost
2021-04-24 19:16:36.304 [info] <0.44.0> Application lager started on node nonode@nohost
2021-04-24 19:16:36.312 [info] <0.44.0> Application hut started on node nonode@nohost
2021-04-24 19:16:36.330 [info] <0.367.0> Setup running ...
2021-04-24 19:16:36.332 [info] <0.367.0> Directories verified. Res = ok
2021-04-24 19:16:36.333 [info] <0.367.0> Setup finished processing hooks (Mode=normal)...
2021-04-24 19:16:36.333 [info] <0.44.0> Application setup started on node nonode@nohost
2021-04-24 19:16:36.333 [info] <0.44.0> Application bear started on node nonode@nohost
2021-04-24 19:16:36.364 [info] <0.44.0> Application folsom started on node nonode@nohost
2021-04-24 19:16:36.364 [info] <0.44.0> Application parse_trans started on node nonode@nohost
2021-04-24 19:16:36.415 [info] <0.383.0> msg: "Starting reporters with [{reporters,\n                             [{'Elixir.BitcoinStream.ExometerReportDash',[]}]},\n                         {subscribers,\n                             [{'Elixir.BitcoinStream.ExometerReportDash',\n                                  [erlang,memory],\n                                  [atom,binary,ets,processes,total],\n                                  1000,true},\n                              {'Elixir.BitcoinStream.ExometerReportDash',\n                                  [erlang,statistics],\n                                  run_queue,1000,true}]}]\n", options: []
2021-04-24 19:16:36.425 [info] <0.44.0> Application exometer_core started on node nonode@nohost
2021-04-24 19:16:36.425 [info] <0.44.0> Application pobox started on node nonode@nohost
2021-04-24 19:16:36.448 [info] <0.44.0> Application elixometer started on node nonode@nohost
2021-04-24 19:16:36.448 [info] <0.44.0> Application eex started on node nonode@nohost
2021-04-24 19:16:36.468 [info] <0.44.0> Application mime started on node nonode@nohost
2021-04-24 19:16:36.469 [info] <0.44.0> Application plug_crypto started on node nonode@nohost
2021-04-24 19:16:36.487 [info] <0.44.0> Application telemetry started on node nonode@nohost
2021-04-24 19:16:36.514 [info] <0.44.0> Application plug started on node nonode@nohost
2021-04-24 19:16:36.514 [info] <0.44.0> Application corsica started on node nonode@nohost
2021-04-24 19:16:36.518 [info] <0.44.0> Application chumak started on node nonode@nohost
2021-04-24 19:16:36.519 [info] <0.44.0> Application unicode_util_compat started on node nonode@nohost
2021-04-24 19:16:36.519 [info] <0.44.0> Application idna started on node nonode@nohost
2021-04-24 19:16:36.519 [info] <0.44.0> Application mimerl started on node nonode@nohost
2021-04-24 19:16:36.520 [info] <0.44.0> Application certifi started on node nonode@nohost
2021-04-24 19:16:36.524 [info] <0.44.0> Application ssl_verify_fun started on node nonode@nohost
2021-04-24 19:16:36.524 [info] <0.44.0> Application metrics started on node nonode@nohost
2021-04-24 19:16:36.560 [info] <0.44.0> Application hackney started on node nonode@nohost
2021-04-24 19:16:36.713 [info] <0.44.0> Application tzdata started on node nonode@nohost
2021-04-24 19:16:36.714 [info] <0.44.0> Application combine started on node nonode@nohost
2021-04-24 19:16:36.717 [info] <0.44.0> Application gettext started on node nonode@nohost
2021-04-24 19:16:36.727 [info] <0.44.0> Application timex started on node nonode@nohost
2021-04-24 19:16:36.727 [info] <0.44.0> Application decimal started on node nonode@nohost
2021-04-24 19:16:36.727 [info] <0.44.0> Application bitcoinex started on node nonode@nohost
2021-04-24 19:16:36.727 [info] <0.44.0> Application cowlib started on node nonode@nohost
2021-04-24 19:16:36.732 [info] <0.44.0> Application ranch started on node nonode@nohost
2021-04-24 19:16:36.738 [info] <0.44.0> Application cowboy started on node nonode@nohost
2021-04-24 19:16:36.738 [info] <0.44.0> Application cowboy_telemetry started on node nonode@nohost
2021-04-24 19:16:36.743 [info] <0.44.0> Application plug_cowboy started on node nonode@nohost
2021-04-24 19:16:36.743 [info] <0.44.0> Application jason started on node nonode@nohost
2021-04-24 19:16:36.838 [info] <0.44.0> Application bitcoin_stream started on node nonode@nohost
2021-04-24 19:18:42.223 [info] <0.44.0> Application lager started on node nonode@nohost
2021-04-24 19:18:42.227 [info] <0.44.0> Application hut started on node nonode@nohost
2021-04-24 19:18:42.238 [info] <0.387.0> Setup running ...
2021-04-24 19:18:42.240 [info] <0.387.0> Directories verified. Res = ok
2021-04-24 19:18:42.241 [info] <0.387.0> Setup finished processing hooks (Mode=normal)...
2021-04-24 19:18:42.241 [info] <0.44.0> Application setup started on node nonode@nohost
2021-04-24 19:18:42.241 [info] <0.44.0> Application bear started on node nonode@nohost
2021-04-24 19:18:42.256 [info] <0.44.0> Application folsom started on node nonode@nohost
2021-04-24 19:18:42.299 [info] <0.402.0> msg: "Starting reporters with [{reporters,\n                             [{'Elixir.BitcoinStream.ExometerReportDash',[]}]},\n                         {subscribers,\n                             [{'Elixir.BitcoinStream.ExometerReportDash',\n                                  [erlang,memory],\n                                  [atom,binary,ets,processes,total],\n                                  1000,true},\n                              {'Elixir.BitcoinStream.ExometerReportDash',\n                                  [erlang,statistics],\n                                  run_queue,1000,true}]}]\n", options: []
2021-04-24 19:18:42.308 [info] <0.44.0> Application exometer_core started on node nonode@nohost
2021-04-24 19:18:42.308 [info] <0.44.0> Application pobox started on node nonode@nohost
2021-04-24 19:18:42.325 [info] <0.44.0> Application elixometer started on node nonode@nohost
2021-04-24 19:18:42.325 [info] <0.44.0> Application eex started on node nonode@nohost
2021-04-24 19:18:42.340 [info] <0.44.0> Application mime started on node nonode@nohost
2021-04-24 19:18:42.342 [info] <0.44.0> Application plug_crypto started on node nonode@nohost
2021-04-24 19:18:42.349 [info] <0.44.0> Application telemetry started on node nonode@nohost
2021-04-24 19:18:42.354 [info] <0.44.0> Application plug started on node nonode@nohost
2021-04-24 19:18:42.354 [info] <0.44.0> Application corsica started on node nonode@nohost
2021-04-24 19:18:42.356 [info] <0.44.0> Application chumak started on node nonode@nohost
2021-04-24 19:18:42.479 [info] <0.44.0> Application tzdata started on node nonode@nohost
2021-04-24 19:18:42.479 [info] <0.44.0> Application combine started on node nonode@nohost
2021-04-24 19:18:42.486 [info] <0.44.0> Application gettext started on node nonode@nohost
2021-04-24 19:18:42.492 [info] <0.44.0> Application timex started on node nonode@nohost
2021-04-24 19:18:42.492 [info] <0.44.0> Application decimal started on node nonode@nohost
2021-04-24 19:18:42.493 [info] <0.44.0> Application bitcoinex started on node nonode@nohost
2021-04-24 19:18:42.493 [info] <0.44.0> Application cowlib started on node nonode@nohost
2021-04-24 19:18:42.502 [info] <0.44.0> Application ranch started on node nonode@nohost
2021-04-24 19:18:42.508 [info] <0.44.0> Application cowboy started on node nonode@nohost
2021-04-24 19:18:42.508 [info] <0.44.0> Application cowboy_telemetry started on node nonode@nohost
2021-04-24 19:18:42.511 [info] <0.44.0> Application plug_cowboy started on node nonode@nohost
2021-04-24 19:18:42.512 [info] <0.44.0> Application jason started on node nonode@nohost
2021-04-24 19:18:42.604 [info] <0.44.0> Application bitcoin_stream started on node nonode@nohost
2021-04-24 19:34:20.260 [info] <0.44.0> Application lager started on node nonode@nohost
2021-04-24 19:34:20.264 [info] <0.44.0> Application hut started on node nonode@nohost
2021-04-24 19:34:20.280 [info] <0.494.0> Setup running ...
2021-04-24 19:34:20.283 [info] <0.494.0> Directories verified. Res = ok
2021-04-24 19:34:20.283 [info] <0.494.0> Setup finished processing hooks (Mode=normal)...
2021-04-24 19:34:20.283 [info] <0.44.0> Application setup started on node nonode@nohost
2021-04-24 19:34:20.284 [info] <0.44.0> Application bear started on node nonode@nohost
2021-04-24 19:34:20.295 [info] <0.44.0> Application folsom started on node nonode@nohost
2021-04-24 19:34:20.328 [info] <0.509.0> msg: "Starting reporters with [{reporters,\n                             [{'Elixir.BitcoinStream.ExometerReportDash',[]}]},\n                         {subscribers,\n                             [{'Elixir.BitcoinStream.ExometerReportDash',\n                                  [erlang,memory],\n                                  [atom,binary,ets,processes,total],\n                                  1000,true},\n                              {'Elixir.BitcoinStream.ExometerReportDash',\n                                  [erlang,statistics],\n                                  run_queue,1000,true}]}]\n", options: []
2021-04-24 19:34:20.338 [info] <0.44.0> Application exometer_core started on node nonode@nohost
2021-04-24 19:34:20.338 [info] <0.44.0> Application pobox started on node nonode@nohost
2021-04-24 19:34:20.351 [info] <0.44.0> Application elixometer started on node nonode@nohost
2021-04-24 19:34:20.351 [info] <0.44.0> Application eex started on node nonode@nohost
2021-04-24 19:34:20.366 [info] <0.44.0> Application mime started on node nonode@nohost
2021-04-24 19:34:20.373 [info] <0.44.0> Application plug_crypto started on node nonode@nohost
2021-04-24 19:34:20.383 [info] <0.44.0> Application telemetry started on node nonode@nohost
2021-04-24 19:34:20.390 [info] <0.44.0> Application plug started on node nonode@nohost
2021-04-24 19:34:20.390 [info] <0.44.0> Application corsica started on node nonode@nohost
2021-04-24 19:34:20.392 [info] <0.44.0> Application chumak started on node nonode@nohost
2021-04-24 19:34:20.527 [info] <0.44.0> Application tzdata started on node nonode@nohost
2021-04-24 19:34:20.527 [info] <0.44.0> Application combine started on node nonode@nohost
2021-04-24 19:34:20.532 [info] <0.44.0> Application gettext started on node nonode@nohost
2021-04-24 19:34:20.537 [info] <0.44.0> Application timex started on node nonode@nohost
2021-04-24 19:34:20.537 [info] <0.44.0> Application decimal started on node nonode@nohost
2021-04-24 19:34:20.538 [info] <0.44.0> Application bitcoinex started on node nonode@nohost
2021-04-24 19:34:20.538 [info] <0.44.0> Application cowlib started on node nonode@nohost
2021-04-24 19:34:20.547 [info] <0.44.0> Application ranch started on node nonode@nohost
2021-04-24 19:34:20.552 [info] <0.44.0> Application cowboy started on node nonode@nohost
2021-04-24 19:34:20.552 [info] <0.44.0> Application cowboy_telemetry started on node nonode@nohost
2021-04-24 19:34:20.556 [info] <0.44.0> Application plug_cowboy started on node nonode@nohost
2021-04-24 19:34:20.556 [info] <0.44.0> Application jason started on node nonode@nohost
2021-04-24 19:34:20.649 [info] <0.44.0> Application bitcoin_stream started on node nonode@nohost
2021-04-25 10:53:28.134 [info] <0.44.0> Application lager started on node nonode@nohost
2021-04-25 10:53:28.141 [info] <0.44.0> Application hut started on node nonode@nohost
2021-04-25 10:53:28.159 [info] <0.352.0> Setup running ...
2021-04-25 10:53:28.163 [info] <0.352.0> Directories verified. Res = ok
2021-04-25 10:53:28.163 [info] <0.352.0> Setup finished processing hooks (Mode=normal)...
2021-04-25 10:53:28.163 [info] <0.44.0> Application setup started on node nonode@nohost
2021-04-25 10:53:28.164 [info] <0.44.0> Application bear started on node nonode@nohost
2021-04-25 10:53:28.180 [info] <0.44.0> Application folsom started on node nonode@nohost
2021-04-25 10:53:28.180 [info] <0.44.0> Application parse_trans started on node nonode@nohost
2021-04-25 10:53:28.225 [info] <0.368.0> msg: "Starting reporters with [{reporters,\n                             [{'Elixir.BitcoinStream.ExometerReportDash',[]}]},\n                         {subscribers,\n                             [{'Elixir.BitcoinStream.ExometerReportDash',\n                                  [erlang,memory],\n                                  [atom,binary,ets,processes,total],\n                                  1000,true},\n                              {'Elixir.BitcoinStream.ExometerReportDash',\n                                  [erlang,statistics],\n                                  run_queue,1000,true}]}]\n", options: []
2021-04-25 10:53:28.245 [info] <0.44.0> Application exometer_core started on node nonode@nohost
2021-04-25 10:53:28.245 [info] <0.44.0> Application pobox started on node nonode@nohost
2021-04-25 10:53:28.257 [info] <0.44.0> Application elixometer started on node nonode@nohost
2021-04-25 10:53:28.257 [info] <0.44.0> Application eex started on node nonode@nohost
2021-04-25 10:53:28.266 [info] <0.44.0> Application mime started on node nonode@nohost
2021-04-25 10:53:28.269 [info] <0.44.0> Application plug_crypto started on node nonode@nohost
2021-04-25 10:53:28.277 [info] <0.44.0> Application telemetry started on node nonode@nohost
2021-04-25 10:53:28.279 [info] <0.44.0> Application plug started on node nonode@nohost
2021-04-25 10:53:28.280 [info] <0.44.0> Application corsica started on node nonode@nohost
2021-04-25 10:53:28.282 [info] <0.44.0> Application chumak started on node nonode@nohost
2021-04-25 10:53:28.282 [info] <0.44.0> Application unicode_util_compat started on node nonode@nohost
2021-04-25 10:53:28.282 [info] <0.44.0> Application idna started on node nonode@nohost
2021-04-25 10:53:28.283 [info] <0.44.0> Application mimerl started on node nonode@nohost
2021-04-25 10:53:28.283 [info] <0.44.0> Application certifi started on node nonode@nohost
2021-04-25 10:53:28.283 [info] <0.44.0> Application ssl_verify_fun started on node nonode@nohost
2021-04-25 10:53:28.283 [info] <0.44.0> Application metrics started on node nonode@nohost
2021-04-25 10:53:28.310 [info] <0.44.0> Application hackney started on node nonode@nohost
2021-04-25 10:53:28.509 [info] <0.44.0> Application tzdata started on node nonode@nohost
2021-04-25 10:53:28.510 [info] <0.44.0> Application combine started on node nonode@nohost
2021-04-25 10:53:28.514 [info] <0.44.0> Application gettext started on node nonode@nohost
2021-04-25 10:53:28.524 [info] <0.44.0> Application timex started on node nonode@nohost
2021-04-25 10:53:28.525 [info] <0.44.0> Application decimal started on node nonode@nohost
2021-04-25 10:53:28.525 [info] <0.44.0> Application bitcoinex started on node nonode@nohost
2021-04-25 10:53:28.525 [info] <0.44.0> Application cowlib started on node nonode@nohost
2021-04-25 10:53:28.533 [info] <0.44.0> Application ranch started on node nonode@nohost
2021-04-25 10:53:28.541 [info] <0.44.0> Application cowboy started on node nonode@nohost
2021-04-25 10:53:28.542 [info] <0.44.0> Application cowboy_telemetry started on node nonode@nohost
2021-04-25 10:53:28.544 [info] <0.44.0> Application plug_cowboy started on node nonode@nohost
2021-04-25 10:53:28.544 [info] <0.44.0> Application jason started on node nonode@nohost
2021-04-25 10:53:28.658 [info] <0.44.0> Application bitcoin_stream started on node nonode@nohost
2021-04-25 10:53:30.885 [error] <0.579.0> CRASH REPORT Process <0.579.0> with 0 neighbours exited with reason: {{{{#{'__exception__' => true,'__struct__' => 'Elixir.CaseClauseError',term => []},[{hackney_url,parse_netloc,2,[{file,"/home/rob/Documents/DioxideLabs/Projects/Self/Bitfeed/Server/bitcoin_stream/deps/hackney/src/hackney_url.erl"},{line,248}]},{hackney,request,5,[{file,"/home/rob/Documents/DioxideLabs/Projects/Self/Bitfeed/Server/bitcoin_stream/deps/hackney/src/hackney.erl"},{line,351}]},{'Elixir.BitcoinStream.Donations.Lightning',create_invoice,1,[{file,"lib/donations/lightning.ex"},{line,...}]},...]},...},...},...}
2021-04-25 10:53:30.902 [error] <0.579.0> Cowboy stream 2 with ranch listener 'Elixir.BitcoinStream.Router.HTTP' and connection process <0.577.0> had its request process exit with reason: {{{#{'__exception__' => true,'__struct__' => 'Elixir.CaseClauseError',term => []},[{hackney_url,parse_netloc,2,[{file,"/home/rob/Documents/DioxideLabs/Projects/Self/Bitfeed/Server/bitcoin_stream/deps/hackney/src/hackney_url.erl"},{line,248}]},{hackney,request,5,[{file,"/home/rob/Documents/DioxideLabs/Projects/Self/Bitfeed/Server/bitcoin_stream/deps/hackney/src/hackney.erl"},{line,351}]},{'Elixir.BitcoinStream.Donations.Lightning',create_invoice,1,[{file,"lib/donations/lightning.ex"},{line,...}]},...]},...},...}
2021-04-25 10:54:00.084 [error] <0.581.0> CRASH REPORT Process <0.581.0> with 0 neighbours exited with reason: {{{{#{'__exception__' => true,'__struct__' => 'Elixir.CaseClauseError',term => []},[{hackney_url,parse_netloc,2,[{file,"/home/rob/Documents/DioxideLabs/Projects/Self/Bitfeed/Server/bitcoin_stream/deps/hackney/src/hackney_url.erl"},{line,248}]},{hackney,request,5,[{file,"/home/rob/Documents/DioxideLabs/Projects/Self/Bitfeed/Server/bitcoin_stream/deps/hackney/src/hackney.erl"},{line,351}]},{'Elixir.BitcoinStream.Donations.Lightning',create_invoice,1,[{file,"lib/donations/lightning.ex"},{line,...}]},...]},...},...},...}
2021-04-25 10:54:00.085 [error] <0.581.0> Cowboy stream 4 with ranch listener 'Elixir.BitcoinStream.Router.HTTP' and connection process <0.577.0> had its request process exit with reason: {{{#{'__exception__' => true,'__struct__' => 'Elixir.CaseClauseError',term => []},[{hackney_url,parse_netloc,2,[{file,"/home/rob/Documents/DioxideLabs/Projects/Self/Bitfeed/Server/bitcoin_stream/deps/hackney/src/hackney_url.erl"},{line,248}]},{hackney,request,5,[{file,"/home/rob/Documents/DioxideLabs/Projects/Self/Bitfeed/Server/bitcoin_stream/deps/hackney/src/hackney.erl"},{line,351}]},{'Elixir.BitcoinStream.Donations.Lightning',create_invoice,1,[{file,"lib/donations/lightning.ex"},{line,...}]},...]},...},...}
2021-04-25 10:54:53.881 [info] <0.44.0> Application lager started on node nonode@nohost
2021-04-25 10:54:53.886 [info] <0.44.0> Application hut started on node nonode@nohost
2021-04-25 10:54:53.894 [info] <0.367.0> Setup running ...
2021-04-25 10:54:53.900 [info] <0.367.0> Directories verified. Res = ok
2021-04-25 10:54:53.900 [info] <0.367.0> Setup finished processing hooks (Mode=normal)...
2021-04-25 10:54:53.900 [info] <0.44.0> Application setup started on node nonode@nohost
2021-04-25 10:54:53.900 [info] <0.44.0> Application bear started on node nonode@nohost
2021-04-25 10:54:53.908 [info] <0.44.0> Application folsom started on node nonode@nohost
2021-04-25 10:54:53.908 [info] <0.44.0> Application parse_trans started on node nonode@nohost
2021-04-25 10:54:53.954 [info] <0.383.0> msg: "Starting reporters with [{reporters,\n                             [{'Elixir.BitcoinStream.ExometerReportDash',[]}]},\n                         {subscribers,\n                             [{'Elixir.BitcoinStream.ExometerReportDash',\n                                  [erlang,memory],\n                                  [atom,binary,ets,processes,total],\n                                  1000,true},\n                              {'Elixir.BitcoinStream.ExometerReportDash',\n                                  [erlang,statistics],\n                                  run_queue,1000,true}]}]\n", options: []
2021-04-25 10:54:53.966 [info] <0.44.0> Application exometer_core started on node nonode@nohost
2021-04-25 10:54:53.966 [info] <0.44.0> Application pobox started on node nonode@nohost
2021-04-25 10:54:53.974 [info] <0.44.0> Application elixometer started on node nonode@nohost
2021-04-25 10:54:53.975 [info] <0.44.0> Application eex started on node nonode@nohost
2021-04-25 10:54:53.987 [info] <0.44.0> Application mime started on node nonode@nohost
2021-04-25 10:54:53.990 [info] <0.44.0> Application plug_crypto started on node nonode@nohost
2021-04-25 10:54:53.996 [info] <0.44.0> Application telemetry started on node nonode@nohost
2021-04-25 10:54:54.000 [info] <0.44.0> Application plug started on node nonode@nohost
2021-04-25 10:54:54.000 [info] <0.44.0> Application corsica started on node nonode@nohost
2021-04-25 10:54:54.010 [info] <0.44.0> Application chumak started on node nonode@nohost
2021-04-25 10:54:54.010 [info] <0.44.0> Application unicode_util_compat started on node nonode@nohost
2021-04-25 10:54:54.012 [info] <0.44.0> Application idna started on node nonode@nohost
2021-04-25 10:54:54.013 [info] <0.44.0> Application mimerl started on node nonode@nohost
2021-04-25 10:54:54.013 [info] <0.44.0> Application certifi started on node nonode@nohost
2021-04-25 10:54:54.013 [info] <0.44.0> Application ssl_verify_fun started on node nonode@nohost
2021-04-25 10:54:54.013 [info] <0.44.0> Application metrics started on node nonode@nohost
2021-04-25 10:54:54.048 [info] <0.44.0> Application hackney started on node nonode@nohost
2021-04-25 10:54:54.173 [info] <0.44.0> Application tzdata started on node nonode@nohost
2021-04-25 10:54:54.173 [info] <0.44.0> Application combine started on node nonode@nohost
2021-04-25 10:54:54.179 [info] <0.44.0> Application gettext started on node nonode@nohost
2021-04-25 10:54:54.188 [info] <0.44.0> Application timex started on node nonode@nohost
2021-04-25 10:54:54.189 [info] <0.44.0> Application decimal started on node nonode@nohost
2021-04-25 10:54:54.189 [info] <0.44.0> Application bitcoinex started on node nonode@nohost
2021-04-25 10:54:54.189 [info] <0.44.0> Application cowlib started on node nonode@nohost
2021-04-25 10:54:54.194 [info] <0.44.0> Application ranch started on node nonode@nohost
2021-04-25 10:54:54.201 [info] <0.44.0> Application cowboy started on node nonode@nohost
2021-04-25 10:54:54.201 [info] <0.44.0> Application cowboy_telemetry started on node nonode@nohost
2021-04-25 10:54:54.204 [info] <0.44.0> Application plug_cowboy started on node nonode@nohost
2021-04-25 10:54:54.204 [info] <0.44.0> Application jason started on node nonode@nohost
2021-04-25 10:54:54.296 [info] <0.44.0> Application bitcoin_stream started on node nonode@nohost
2021-04-25 10:54:56.666 [error] <0.592.0> CRASH REPORT Process <0.592.0> with 0 neighbours exited with reason: {{{{#{'__exception__' => true,'__struct__' => 'Elixir.CaseClauseError',term => []},[{hackney_url,parse_netloc,2,[{file,"/home/rob/Documents/DioxideLabs/Projects/Self/Bitfeed/Server/bitcoin_stream/deps/hackney/src/hackney_url.erl"},{line,248}]},{hackney,request,5,[{file,"/home/rob/Documents/DioxideLabs/Projects/Self/Bitfeed/Server/bitcoin_stream/deps/hackney/src/hackney.erl"},{line,351}]},{'Elixir.BitcoinStream.Donations.Lightning',create_invoice,1,[{file,"lib/donations/lightning.ex"},{line,...}]},...]},...},...},...}
2021-04-25 10:54:56.674 [error] <0.592.0> Cowboy stream 2 with ranch listener 'Elixir.BitcoinStream.Router.HTTP' and connection process <0.590.0> had its request process exit with reason: {{{#{'__exception__' => true,'__struct__' => 'Elixir.CaseClauseError',term => []},[{hackney_url,parse_netloc,2,[{file,"/home/rob/Documents/DioxideLabs/Projects/Self/Bitfeed/Server/bitcoin_stream/deps/hackney/src/hackney_url.erl"},{line,248}]},{hackney,request,5,[{file,"/home/rob/Documents/DioxideLabs/Projects/Self/Bitfeed/Server/bitcoin_stream/deps/hackney/src/hackney.erl"},{line,351}]},{'Elixir.BitcoinStream.Donations.Lightning',create_invoice,1,[{file,"lib/donations/lightning.ex"},{line,...}]},...]},...},...}
2021-04-25 10:57:21.579 [error] <0.596.0> CRASH REPORT Process <0.596.0> with 0 neighbours exited with reason: {{{{#{'__exception__' => true,'__struct__' => 'Elixir.CaseClauseError',term => []},[{hackney_url,parse_netloc,2,[{file,"/home/rob/Documents/DioxideLabs/Projects/Self/Bitfeed/Server/bitcoin_stream/deps/hackney/src/hackney_url.erl"},{line,248}]},{hackney,request,5,[{file,"/home/rob/Documents/DioxideLabs/Projects/Self/Bitfeed/Server/bitcoin_stream/deps/hackney/src/hackney.erl"},{line,351}]},{'Elixir.BitcoinStream.Donations.Lightning',create_invoice,1,[{file,"lib/donations/lightning.ex"},{line,...}]},...]},...},...},...}
2021-04-25 10:57:21.580 [error] <0.596.0> Cowboy stream 2 with ranch listener 'Elixir.BitcoinStream.Router.HTTP' and connection process <0.594.0> had its request process exit with reason: {{{#{'__exception__' => true,'__struct__' => 'Elixir.CaseClauseError',term => []},[{hackney_url,parse_netloc,2,[{file,"/home/rob/Documents/DioxideLabs/Projects/Self/Bitfeed/Server/bitcoin_stream/deps/hackney/src/hackney_url.erl"},{line,248}]},{hackney,request,5,[{file,"/home/rob/Documents/DioxideLabs/Projects/Self/Bitfeed/Server/bitcoin_stream/deps/hackney/src/hackney.erl"},{line,351}]},{'Elixir.BitcoinStream.Donations.Lightning',create_invoice,1,[{file,"lib/donations/lightning.ex"},{line,...}]},...]},...},...}
2021-04-25 10:59:27.633 [info] <0.44.0> Application lager started on node nonode@nohost
2021-04-25 10:59:27.636 [info] <0.44.0> Application hut started on node nonode@nohost
2021-04-25 10:59:27.644 [info] <0.352.0> Setup running ...
2021-04-25 10:59:27.650 [info] <0.352.0> Directories verified. Res = ok
2021-04-25 10:59:27.650 [info] <0.352.0> Setup finished processing hooks (Mode=normal)...
2021-04-25 10:59:27.651 [info] <0.44.0> Application setup started on node nonode@nohost
2021-04-25 10:59:27.651 [info] <0.44.0> Application bear started on node nonode@nohost
2021-04-25 10:59:27.659 [info] <0.44.0> Application folsom started on node nonode@nohost
2021-04-25 10:59:27.659 [info] <0.44.0> Application parse_trans started on node nonode@nohost
2021-04-25 10:59:27.692 [info] <0.368.0> msg: "Starting reporters with [{reporters,\n                             [{'Elixir.BitcoinStream.ExometerReportDash',[]}]},\n                         {subscribers,\n                             [{'Elixir.BitcoinStream.ExometerReportDash',\n                                  [erlang,memory],\n                                  [atom,binary,ets,processes,total],\n                                  1000,true},\n                              {'Elixir.BitcoinStream.ExometerReportDash',\n                                  [erlang,statistics],\n                                  run_queue,1000,true}]}]\n", options: []
2021-04-25 10:59:27.705 [info] <0.44.0> Application exometer_core started on node nonode@nohost
2021-04-25 10:59:27.705 [info] <0.44.0> Application pobox started on node nonode@nohost
2021-04-25 10:59:27.719 [info] <0.44.0> Application elixometer started on node nonode@nohost
2021-04-25 10:59:27.719 [info] <0.44.0> Application eex started on node nonode@nohost
2021-04-25 10:59:27.728 [info] <0.44.0> Application mime started on node nonode@nohost
2021-04-25 10:59:27.731 [info] <0.44.0> Application plug_crypto started on node nonode@nohost
2021-04-25 10:59:27.737 [info] <0.44.0> Application telemetry started on node nonode@nohost
2021-04-25 10:59:27.744 [info] <0.44.0> Application plug started on node nonode@nohost
2021-04-25 10:59:27.744 [info] <0.44.0> Application corsica started on node nonode@nohost
2021-04-25 10:59:27.749 [info] <0.44.0> Application chumak started on node nonode@nohost
2021-04-25 10:59:27.749 [info] <0.44.0> Application unicode_util_compat started on node nonode@nohost
2021-04-25 10:59:27.750 [info] <0.44.0> Application idna started on node nonode@nohost
2021-04-25 10:59:27.750 [info] <0.44.0> Application mimerl started on node nonode@nohost
2021-04-25 10:59:27.750 [info] <0.44.0> Application certifi started on node nonode@nohost
2021-04-25 10:59:27.750 [info] <0.44.0> Application ssl_verify_fun started on node nonode@nohost
2021-04-25 10:59:27.751 [info] <0.44.0> Application metrics started on node nonode@nohost
2021-04-25 10:59:27.772 [info] <0.44.0> Application hackney started on node nonode@nohost
2021-04-25 10:59:27.892 [info] <0.44.0> Application tzdata started on node nonode@nohost
2021-04-25 10:59:27.892 [info] <0.44.0> Application combine started on node nonode@nohost
2021-04-25 10:59:27.895 [info] <0.44.0> Application gettext started on node nonode@nohost
2021-04-25 10:59:27.903 [info] <0.44.0> Application timex started on node nonode@nohost
2021-04-25 10:59:27.903 [info] <0.44.0> Application decimal started on node nonode@nohost
2021-04-25 10:59:27.903 [info] <0.44.0> Application bitcoinex started on node nonode@nohost
2021-04-25 10:59:27.903 [info] <0.44.0> Application cowlib started on node nonode@nohost
2021-04-25 10:59:27.908 [info] <0.44.0> Application ranch started on node nonode@nohost
2021-04-25 10:59:27.910 [info] <0.44.0> Application cowboy started on node nonode@nohost
2021-04-25 10:59:27.910 [info] <0.44.0> Application cowboy_telemetry started on node nonode@nohost
2021-04-25 10:59:27.912 [info] <0.44.0> Application plug_cowboy started on node nonode@nohost
2021-04-25 10:59:27.912 [info] <0.44.0> Application jason started on node nonode@nohost
2021-04-25 10:59:28.008 [info] <0.44.0> Application bitcoin_stream started on node nonode@nohost
