2021-04-08 10:04:47 =ERROR REPORT====
[{host,"localhost"},{port,29000},connection_error,{error,econnrefused}]
2021-04-08 10:04:47 =ERROR REPORT====
[{host,"localhost"},{port,29000},connection_error,{error,econnrefused}]
2021-04-08 10:04:47 =ERROR REPORT====
[{host,"localhost"},{port,29000},connection_error,{error,econnrefused}]
2021-04-08 10:04:49 =ERROR REPORT====
[{host,"localhost"},{port,29000},connection_error,{error,econnrefused}]
2021-04-08 10:04:49 =ERROR REPORT====
[{host,"localhost"},{port,29000},connection_error,{error,econnrefused}]
2021-04-08 10:04:49 =ERROR REPORT====
[{host,"localhost"},{port,29000},connection_error,{error,econnrefused}]
2021-04-08 10:04:51 =ERROR REPORT====
[{host,"localhost"},{port,29000},connection_error,{error,econnrefused}]
2021-04-08 10:04:51 =ERROR REPORT====
[{host,"localhost"},{port,29000},connection_error,{error,econnrefused}]
2021-04-08 10:04:51 =ERROR REPORT====
[{host,"localhost"},{port,29000},connection_error,{error,econnrefused}]
2021-04-08 10:04:53 =ERROR REPORT====
[{host,"localhost"},{port,29000},connection_error,{error,econnrefused}]
2021-04-08 10:04:53 =ERROR REPORT====
[{host,"localhost"},{port,29000},connection_error,{error,econnrefused}]
2021-04-08 10:04:53 =ERROR REPORT====
[{host,"localhost"},{port,29000},connection_error,{error,econnrefused}]
2021-04-08 10:04:55 =ERROR REPORT====
[{host,"localhost"},{port,29000},connection_error,{error,econnrefused}]
2021-04-08 10:04:55 =ERROR REPORT====
[{host,"localhost"},{port,29000},connection_error,{error,econnrefused}]
2021-04-08 10:04:55 =ERROR REPORT====
[{host,"localhost"},{port,29000},connection_error,{error,econnrefused}]
2021-04-08 10:04:57 =ERROR REPORT====
[{host,"localhost"},{port,29000},connection_error,{error,econnrefused}]
2021-04-08 10:04:57 =ERROR REPORT====
[{host,"localhost"},{port,29000},connection_error,{error,econnrefused}]
2021-04-08 10:04:57 =ERROR REPORT====
[{host,"localhost"},{port,29000},connection_error,{error,econnrefused}]
2021-04-08 10:04:59 =ERROR REPORT====
[{host,"localhost"},{port,29000},connection_error,{error,econnrefused}]
2021-04-08 10:04:59 =ERROR REPORT====
[{host,"localhost"},{port,29000},connection_error,{error,econnrefused}]
2021-04-08 10:04:59 =ERROR REPORT====
[{host,"localhost"},{port,29000},connection_error,{error,econnrefused}]
2021-04-08 10:05:01 =ERROR REPORT====
[{host,"localhost"},{port,29000},connection_error,{error,econnrefused}]
2021-04-08 10:05:01 =ERROR REPORT====
[{host,"localhost"},{port,29000},connection_error,{error,econnrefused}]
2021-04-08 10:05:01 =ERROR REPORT====
[{host,"localhost"},{port,29000},connection_error,{error,econnrefused}]
2021-04-08 10:05:03 =ERROR REPORT====
[{host,"localhost"},{port,29000},connection_error,{error,econnrefused}]
2021-04-08 10:05:03 =ERROR REPORT====
[{host,"localhost"},{port,29000},connection_error,{error,econnrefused}]
2021-04-08 10:05:03 =ERROR REPORT====
[{host,"localhost"},{port,29000},connection_error,{error,econnrefused}]
2021-04-08 10:05:05 =ERROR REPORT====
[{host,"localhost"},{port,29000},connection_error,{error,econnrefused}]
2021-04-08 10:05:05 =ERROR REPORT====
[{host,"localhost"},{port,29000},connection_error,{error,econnrefused}]
2021-04-08 10:05:05 =ERROR REPORT====
[{host,"localhost"},{port,29000},connection_error,{error,econnrefused}]
2021-04-08 10:05:07 =ERROR REPORT====
[{host,"localhost"},{port,29000},connection_error,{error,econnrefused}]
2021-04-08 10:05:07 =ERROR REPORT====
[{host,"localhost"},{port,29000},connection_error,{error,econnrefused}]
2021-04-08 10:05:07 =ERROR REPORT====
[{host,"localhost"},{port,29000},connection_error,{error,econnrefused}]
2021-04-08 10:05:09 =ERROR REPORT====
[{host,"localhost"},{port,29000},connection_error,{error,econnrefused}]
2021-04-08 10:05:09 =ERROR REPORT====
[{host,"localhost"},{port,29000},connection_error,{error,econnrefused}]
2021-04-08 10:05:09 =ERROR REPORT====
[{host,"localhost"},{port,29000},connection_error,{error,econnrefused}]
2021-04-08 10:05:11 =ERROR REPORT====
[{host,"localhost"},{port,29000},connection_error,{error,econnrefused}]
2021-04-08 10:05:11 =ERROR REPORT====
[{host,"localhost"},{port,29000},connection_error,{error,econnrefused}]
2021-04-08 10:05:11 =ERROR REPORT====
[{host,"localhost"},{port,29000},connection_error,{error,econnrefused}]
2021-04-08 10:05:13 =ERROR REPORT====
[{host,"localhost"},{port,29000},connection_error,{error,econnrefused}]
2021-04-08 10:05:13 =ERROR REPORT====
[{host,"localhost"},{port,29000},connection_error,{error,econnrefused}]
2021-04-08 10:05:13 =ERROR REPORT====
[{host,"localhost"},{port,29000},connection_error,{error,econnrefused}]
2021-04-08 10:05:15 =ERROR REPORT====
[{host,"localhost"},{port,29000},connection_error,{error,econnrefused}]
2021-04-08 10:05:15 =ERROR REPORT====
[{host,"localhost"},{port,29000},connection_error,{error,econnrefused}]
2021-04-08 10:05:15 =ERROR REPORT====
[{host,"localhost"},{port,29000},connection_error,{error,econnrefused}]
2021-04-08 10:05:17 =ERROR REPORT====
[{host,"localhost"},{port,29000},connection_error,{error,econnrefused}]
2021-04-08 10:05:17 =ERROR REPORT====
[{host,"localhost"},{port,29000},connection_error,{error,econnrefused}]
2021-04-08 10:05:17 =ERROR REPORT====
[{host,"localhost"},{port,29000},connection_error,{error,econnrefused}]
2021-04-08 10:05:19 =ERROR REPORT====
[{host,"localhost"},{port,29000},connection_error,{error,econnrefused}]
2021-04-08 10:05:19 =ERROR REPORT====
[{host,"localhost"},{port,29000},connection_error,{error,econnrefused}]
2021-04-08 10:05:19 =ERROR REPORT====
[{host,"localhost"},{port,29000},connection_error,{error,econnrefused}]
2021-04-08 10:05:21 =ERROR REPORT====
[{host,"localhost"},{port,29000},connection_error,{error,econnrefused}]
2021-04-08 10:05:21 =ERROR REPORT====
[{host,"localhost"},{port,29000},connection_error,{error,econnrefused}]
2021-04-08 10:05:21 =ERROR REPORT====
[{host,"localhost"},{port,29000},connection_error,{error,econnrefused}]
2021-04-08 10:05:23 =ERROR REPORT====
[{host,"localhost"},{port,29000},connection_error,{error,econnrefused}]
2021-04-08 10:05:23 =ERROR REPORT====
[{host,"localhost"},{port,29000},connection_error,{error,econnrefused}]
2021-04-08 10:05:23 =ERROR REPORT====
[{host,"localhost"},{port,29000},connection_error,{error,econnrefused}]
2021-04-08 10:05:25 =ERROR REPORT====
[{host,"localhost"},{port,29000},connection_error,{error,econnrefused}]
2021-04-08 10:05:25 =ERROR REPORT====
[{host,"localhost"},{port,29000},connection_error,{error,econnrefused}]
2021-04-08 10:05:25 =ERROR REPORT====
[{host,"localhost"},{port,29000},connection_error,{error,econnrefused}]
2021-04-08 10:05:27 =ERROR REPORT====
[{host,"localhost"},{port,29000},connection_error,{error,econnrefused}]
2021-04-08 10:05:27 =ERROR REPORT====
[{host,"localhost"},{port,29000},connection_error,{error,econnrefused}]
2021-04-08 10:05:27 =ERROR REPORT====
[{host,"localhost"},{port,29000},connection_error,{error,econnrefused}]
2021-04-08 10:05:29 =ERROR REPORT====
[{host,"localhost"},{port,29000},connection_error,{error,econnrefused}]
2021-04-08 10:05:29 =ERROR REPORT====
[{host,"localhost"},{port,29000},connection_error,{error,econnrefused}]
2021-04-08 10:05:29 =ERROR REPORT====
[{host,"localhost"},{port,29000},connection_error,{error,econnrefused}]
2021-04-08 10:05:31 =ERROR REPORT====
[{host,"localhost"},{port,29000},connection_error,{error,econnrefused}]
2021-04-08 10:05:31 =ERROR REPORT====
[{host,"localhost"},{port,29000},connection_error,{error,econnrefused}]
2021-04-08 10:05:31 =ERROR REPORT====
[{host,"localhost"},{port,29000},connection_error,{error,econnrefused}]
2021-04-08 10:05:33 =ERROR REPORT====
[{host,"localhost"},{port,29000},connection_error,{error,econnrefused}]
2021-04-08 10:05:33 =ERROR REPORT====
[{host,"localhost"},{port,29000},connection_error,{error,econnrefused}]
2021-04-08 10:05:33 =ERROR REPORT====
[{host,"localhost"},{port,29000},connection_error,{error,econnrefused}]
2021-04-08 10:05:35 =ERROR REPORT====
[{host,"localhost"},{port,29000},connection_error,{error,econnrefused}]
2021-04-08 10:05:35 =ERROR REPORT====
[{host,"localhost"},{port,29000},connection_error,{error,econnrefused}]
2021-04-08 10:05:35 =ERROR REPORT====
[{host,"localhost"},{port,29000},connection_error,{error,econnrefused}]
2021-04-08 10:05:37 =ERROR REPORT====
[{host,"localhost"},{port,29000},connection_error,{error,econnrefused}]
2021-04-08 10:05:37 =ERROR REPORT====
[{host,"localhost"},{port,29000},connection_error,{error,econnrefused}]
2021-04-08 10:05:37 =ERROR REPORT====
[{host,"localhost"},{port,29000},connection_error,{error,econnrefused}]
2021-04-08 10:05:39 =ERROR REPORT====
[{host,"localhost"},{port,29000},connection_error,{error,econnrefused}]
2021-04-08 10:05:39 =ERROR REPORT====
[{host,"localhost"},{port,29000},connection_error,{error,econnrefused}]
2021-04-08 10:05:39 =ERROR REPORT====
[{host,"localhost"},{port,29000},connection_error,{error,econnrefused}]
2021-04-08 10:05:41 =ERROR REPORT====
[{host,"localhost"},{port,29000},connection_error,{error,econnrefused}]
2021-04-08 10:05:41 =ERROR REPORT====
[{host,"localhost"},{port,29000},connection_error,{error,econnrefused}]
2021-04-08 10:05:41 =ERROR REPORT====
[{host,"localhost"},{port,29000},connection_error,{error,econnrefused}]
2021-04-08 10:05:43 =ERROR REPORT====
[{host,"localhost"},{port,29000},connection_error,{error,econnrefused}]
2021-04-08 10:05:43 =ERROR REPORT====
[{host,"localhost"},{port,29000},connection_error,{error,econnrefused}]
2021-04-08 10:05:43 =ERROR REPORT====
[{host,"localhost"},{port,29000},connection_error,{error,econnrefused}]
2021-04-08 10:27:14 =SUPERVISOR REPORT====
     Supervisor: {local,'Elixir.BitcoinStream.Application'}
     Context:    start_error
     Reason:     {'EXIT',{noproc,{gen_server,call,[ranch_server,{set_new_listener_opts,'Elixir.BitcoinStream.Router.HTTP',16384,#{max_connections => 16384,num_acceptors => 100,socket_opts => [{port,4000}]},#{env => #{dispatch => [{'_',[],[{[<<"ws">>,<<"txs">>],[],'Elixir.BitcoinStream.SocketHandler',[]},{[<<"ws">>,<<"status">>],[],'Elixir.BitcoinStream.Metrics.SocketHandler',[]},{'_',[],'Elixir.Plug.Cowboy.Handler',{'Elixir.BitcoinStream.Router',[]}}]}]},stream_handlers => [cowboy_telemetry_h,cowboy_stream_h]},['Elixir.BitcoinStream.Router.HTTP',ranch_tcp,#{max_connections => 16384,num_acceptors => 100,socket_opts => [{port,4000}]},cowboy_clear,#{env => #{dispatch => [{'_',[],[{[<<"ws">>,<<"txs">>],[],'Elixir.BitcoinStream.SocketHandler',[]},{[<<"ws">>,<<"status">>],[],'Elixir.BitcoinStream.Metrics.SocketHandler',[]},{'_',[],'Elixir.Plug.Cowboy.Handler',{'Elixir.BitcoinStream.Router',[]}}]}]},stream_handlers => [cowboy_telemetry_h,cowboy_stream_h]}]}]}}}
     Offender:   [{pid,undefined},{id,{ranch_listener_sup,'Elixir.BitcoinStream.Router.HTTP'}},{mfargs,{ranch_listener_sup,start_link,['Elixir.BitcoinStream.Router.HTTP',ranch_tcp,#{max_connections => 16384,num_acceptors => 100,socket_opts => [{port,4000}]},cowboy_clear,#{env => #{dispatch => [{'_',[],[{[<<"ws">>,<<"txs">>],[],'Elixir.BitcoinStream.SocketHandler',[]},{[<<"ws">>,<<"status">>],[],'Elixir.BitcoinStream.Metrics.SocketHandler',[]},{'_',[],'Elixir.Plug.Cowboy.Handler',{'Elixir.BitcoinStream.Router',[]}}]}]},stream_handlers => [cowboy_telemetry_h,cowboy_stream_h]}]}},{restart_type,permanent},{shutdown,infinity},{child_type,supervisor}]

2021-04-08 10:27:14 =CRASH REPORT====
  crasher:
    initial call: application_master:init/4
    pid: <0.508.0>
    registered_name: []
    exception exit: {{{shutdown,{failed_to_start_child,{ranch_listener_sup,'Elixir.BitcoinStream.Router.HTTP'},{'EXIT',{noproc,{gen_server,call,[ranch_server,{set_new_listener_opts,'Elixir.BitcoinStream.Router.HTTP',16384,#{max_connections => 16384,num_acceptors => 100,socket_opts => [{port,4000}]},#{env => #{dispatch => [{'_',[],[{[<<"ws">>,<<"txs">>],[],'Elixir.BitcoinStream.SocketHandler',[]},{[<<"ws">>,<<"status">>],[],'Elixir.BitcoinStream.Metrics.SocketHandler',[]},{'_',[],'Elixir.Plug.Cowboy.Handler',{'Elixir.BitcoinStream.Router',[]}}]}]},stream_handlers => [cowboy_telemetry_h,cowboy_stream_h]},['Elixir.BitcoinStream.Router.HTTP',ranch_tcp,#{max_connections => 16384,num_acceptors => 100,socket_opts => [{port,4000}]},cowboy_clear,#{env => #{dispatch => [{'_',[],[{[<<"ws">>,<<"txs">>],[],'Elixir.BitcoinStream.SocketHandler',[]},{[<<"ws">>,<<"status">>],[],'Elixir.BitcoinStream.Metrics.SocketHandler',[]},{'_',[],'Elixir.Plug.Cowboy.Handler',{'Elixir.BitcoinStream.Router',[]}}]}]},stream_handlers => [cowboy_telemetry_h,cowboy_stream_h]}]}]}}}}},{'Elixir.BitcoinStream.Server',start,[normal,[]]}},[{application_master,init,4,[{file,"application_master.erl"},{line,138}]},{proc_lib,init_p_do_apply,3,[{file,"proc_lib.erl"},{line,226}]}]}
    ancestors: [<0.507.0>]
    message_queue_len: 1
    messages: [{'EXIT',<0.509.0>,normal}]
    links: [<0.507.0>,<0.44.0>]
    dictionary: []
    trap_exit: true
    status: running
    heap_size: 987
    stack_size: 28
    reductions: 252
  neighbours:
2021-04-08 10:53:00 =CRASH REPORT====
  crasher:
    initial call: exometer_report:-spawn_reporter/2-fun-0-/0
    pid: <0.498.0>
    registered_name: 'Elixir.BitcoinStream.ExometerReportDash'
    exception error: bad argument: [{'Elixir.BitcoinStream.ExometerReportDash',exometer_report,5,[{file,"lib/exometer_report_dash.ex"},{line,16}]},{exometer_report,'-r_exometer_report/5-fun-0-',6,[{file,"/home/rob/Documents/DioxideLabs/Projects/Self/Bitfeed/Server/bitcoin_stream/deps/exometer_core/src/exometer_report.erl"},{line,1716}]},{lists,foldl,3,[{file,"lists.erl"},{line,1267}]},{exometer_report,reporter_loop,2,[{file,"/home/rob/Documents/DioxideLabs/Projects/Self/Bitfeed/Server/bitcoin_stream/deps/exometer_core/src/exometer_report.erl"},{line,1654}]},{proc_lib,init_p,3,[{file,"proc_lib.erl"},{line,211}]}]
    ancestors: [exometer_report,exometer_core_sup,<0.490.0>]
    message_queue_len: 6
    messages: [{exometer_report,[{[<<"bitfeed_dash">>,<<"dev">>,<<"timers">>,<<"timed">>,<<"function">>],[{mean,77}]}],[]},{exometer_report,[{[<<"bitfeed_dash">>,<<"dev">>,<<"timers">>,<<"timed">>,<<"function">>],[{min,77}]}],[]},{exometer_report,[{[<<"bitfeed_dash">>,<<"dev">>,<<"timers">>,<<"timed">>,<<"function">>],[{max,77}]}],[]},{exometer_report,[{[<<"bitfeed_dash">>,<<"dev">>,<<"timers">>,<<"timed">>,<<"function">>],[{median,77}]}],[]},{exometer_report,[{[<<"bitfeed_dash">>,<<"dev">>,<<"timers">>,<<"timed">>,<<"function">>],[{50,77}]}],[]},{exometer_report,[{[<<"bitfeed_dash">>,<<"dev">>,<<"timers">>,<<"timed">>,<<"function">>],[{75,77}]}],[]}]
    links: []
    dictionary: []
    trap_exit: false
    status: running
    heap_size: 1598
    stack_size: 28
    reductions: 522
  neighbours:
2021-04-08 10:53:00 =ERROR REPORT====
[{msg,"badarg\nKey = {key,'Elixir.BitcoinStream.ExometerReportDash',\n           [<<\"bitfeed_dash\">>,<<\"dev\">>,<<\"timers\">>,<<\"timed\">>,\n            <<\"function\">>],\n           95,true,[]}\nTrace: [{exometer_report,report_values,2,\n                         [{file,\"/home/rob/Documents/DioxideLabs/Projects/Self/Bitfeed/Server/bitcoin_stream/deps/exometer_core/src/exometer_report.erl\"},\n                          {line,1557}]},\n        {exometer_report,do_report,2,\n                         [{file,\"/home/rob/Documents/DioxideLabs/Projects/Self/Bitfeed/Server/bitcoin_stream/deps/exometer_core/src/exometer_report.erl\"},\n                          {line,1228}]},\n        {exometer_report,handle_report,4,\n                         [{file,\"/home/rob/Documents/DioxideLabs/Projects/Self/Bitfeed/Server/bitcoin_stream/deps/exometer_core/src/exometer_report.erl\"},\n                          {line,1211}]},\n        {exometer_report,handle_info,2,\n                         [{file,\"/home/rob/Documents/DioxideLabs/Projects/Self/Bitfeed/Server/bitcoin_stream/deps/exometer_core/src/exometer_report.erl\"},\n                          {line,1126}]},\n        {gen_server,try_dispatch,4,[{file,\"gen_server.erl\"},{line,689}]},\n        {gen_server,handle_msg,6,[{file,\"gen_server.erl\"},{line,765}]},\n        {proc_lib,init_p_do_apply,3,[{file,\"proc_lib.erl\"},{line,226}]}]"},{options,[]}]
2021-04-08 10:53:00 =ERROR REPORT====
[{msg,"badarg\nKey = {key,'Elixir.BitcoinStream.ExometerReportDash',\n           [<<\"bitfeed_dash\">>,<<\"dev\">>,<<\"timers\">>,<<\"timed\">>,\n            <<\"function\">>],\n           99,true,[]}\nTrace: [{exometer_report,report_values,2,\n                         [{file,\"/home/rob/Documents/DioxideLabs/Projects/Self/Bitfeed/Server/bitcoin_stream/deps/exometer_core/src/exometer_report.erl\"},\n                          {line,1557}]},\n        {exometer_report,do_report,2,\n                         [{file,\"/home/rob/Documents/DioxideLabs/Projects/Self/Bitfeed/Server/bitcoin_stream/deps/exometer_core/src/exometer_report.erl\"},\n                          {line,1228}]},\n        {exometer_report,handle_report,4,\n                         [{file,\"/home/rob/Documents/DioxideLabs/Projects/Self/Bitfeed/Server/bitcoin_stream/deps/exometer_core/src/exometer_report.erl\"},\n                          {line,1211}]},\n        {exometer_report,handle_info,2,\n                         [{file,\"/home/rob/Documents/DioxideLabs/Projects/Self/Bitfeed/Server/bitcoin_stream/deps/exometer_core/src/exometer_report.erl\"},\n                          {line,1126}]},\n        {gen_server,try_dispatch,4,[{file,\"gen_server.erl\"},{line,689}]},\n        {gen_server,handle_msg,6,[{file,\"gen_server.erl\"},{line,765}]},\n        {proc_lib,init_p_do_apply,3,[{file,\"proc_lib.erl\"},{line,226}]}]"},{options,[]}]
2021-04-08 10:53:00 =ERROR REPORT====
[{msg,"badarg\nKey = {key,'Elixir.BitcoinStream.ExometerReportDash',\n           [<<\"bitfeed_dash\">>,<<\"dev\">>,<<\"timers\">>,<<\"timed\">>,\n            <<\"function\">>],\n           999,true,[]}\nTrace: [{exometer_report,report_values,2,\n                         [{file,\"/home/rob/Documents/DioxideLabs/Projects/Self/Bitfeed/Server/bitcoin_stream/deps/exometer_core/src/exometer_report.erl\"},\n                          {line,1557}]},\n        {exometer_report,do_report,2,\n                         [{file,\"/home/rob/Documents/DioxideLabs/Projects/Self/Bitfeed/Server/bitcoin_stream/deps/exometer_core/src/exometer_report.erl\"},\n                          {line,1228}]},\n        {exometer_report,handle_report,4,\n                         [{file,\"/home/rob/Documents/DioxideLabs/Projects/Self/Bitfeed/Server/bitcoin_stream/deps/exometer_core/src/exometer_report.erl\"},\n                          {line,1211}]},\n        {exometer_report,handle_info,2,\n                         [{file,\"/home/rob/Documents/DioxideLabs/Projects/Self/Bitfeed/Server/bitcoin_stream/deps/exometer_core/src/exometer_report.erl\"},\n                          {line,1126}]},\n        {gen_server,try_dispatch,4,[{file,\"gen_server.erl\"},{line,689}]},\n        {gen_server,handle_msg,6,[{file,\"gen_server.erl\"},{line,765}]},\n        {proc_lib,init_p_do_apply,3,[{file,\"proc_lib.erl\"},{line,226}]}]"},{options,[]}]
2021-04-08 10:53:01 =CRASH REPORT====
  crasher:
    initial call: exometer_report:-spawn_reporter/2-fun-0-/0
    pid: <0.690.0>
    registered_name: 'Elixir.BitcoinStream.ExometerReportDash'
    exception error: bad argument: [{'Elixir.BitcoinStream.ExometerReportDash',exometer_report,5,[{file,"lib/exometer_report_dash.ex"},{line,16}]},{exometer_report,'-r_exometer_report/5-fun-0-',6,[{file,"/home/rob/Documents/DioxideLabs/Projects/Self/Bitfeed/Server/bitcoin_stream/deps/exometer_core/src/exometer_report.erl"},{line,1716}]},{lists,foldl,3,[{file,"lists.erl"},{line,1267}]},{exometer_report,reporter_loop,2,[{file,"/home/rob/Documents/DioxideLabs/Projects/Self/Bitfeed/Server/bitcoin_stream/deps/exometer_core/src/exometer_report.erl"},{line,1654}]},{proc_lib,init_p,3,[{file,"proc_lib.erl"},{line,211}]}]
    ancestors: [exometer_report,exometer_core_sup,<0.490.0>]
    message_queue_len: 4
    messages: [{exometer_report,[{[<<"bitfeed_dash">>,<<"dev">>,<<"timers">>,<<"timed">>,<<"function">>],[{75,77}]}],[]},{exometer_report,[{[<<"bitfeed_dash">>,<<"dev">>,<<"timers">>,<<"timed">>,<<"function">>],[{90,77}]}],[]},{exometer_report,[{[<<"bitfeed_dash">>,<<"dev">>,<<"timers">>,<<"timed">>,<<"function">>],[{95,77}]}],[]},{exometer_report,[{[<<"bitfeed_dash">>,<<"dev">>,<<"timers">>,<<"timed">>,<<"function">>],[{99,77}]}],[]}]
    links: []
    dictionary: []
    trap_exit: false
    status: running
    heap_size: 1598
    stack_size: 28
    reductions: 460
  neighbours:
2021-04-08 10:53:01 =ERROR REPORT====
[{msg,"badarg\nKey = {key,'Elixir.BitcoinStream.ExometerReportDash',\n           [<<\"bitfeed_dash\">>,<<\"dev\">>,<<\"timers\">>,<<\"timed\">>,\n            <<\"function\">>],\n           median,true,[]}\nTrace: [{exometer_report,report_values,2,\n                         [{file,\"/home/rob/Documents/DioxideLabs/Projects/Self/Bitfeed/Server/bitcoin_stream/deps/exometer_core/src/exometer_report.erl\"},\n                          {line,1557}]},\n        {exometer_report,do_report,2,\n                         [{file,\"/home/rob/Documents/DioxideLabs/Projects/Self/Bitfeed/Server/bitcoin_stream/deps/exometer_core/src/exometer_report.erl\"},\n                          {line,1228}]},\n        {exometer_report,handle_report,4,\n                         [{file,\"/home/rob/Documents/DioxideLabs/Projects/Self/Bitfeed/Server/bitcoin_stream/deps/exometer_core/src/exometer_report.erl\"},\n                          {line,1211}]},\n        {exometer_report,handle_info,2,\n                         [{file,\"/home/rob/Documents/DioxideLabs/Projects/Self/Bitfeed/Server/bitcoin_stream/deps/exometer_core/src/exometer_report.erl\"},\n                          {line,1126}]},\n        {gen_server,try_dispatch,4,[{file,\"gen_server.erl\"},{line,689}]},\n        {gen_server,handle_msg,6,[{file,\"gen_server.erl\"},{line,765}]},\n        {proc_lib,init_p_do_apply,3,[{file,\"proc_lib.erl\"},{line,226}]}]"},{options,[]}]
2021-04-08 10:53:01 =ERROR REPORT====
[{msg,"badarg\nKey = {key,'Elixir.BitcoinStream.ExometerReportDash',\n           [<<\"bitfeed_dash\">>,<<\"dev\">>,<<\"timers\">>,<<\"timed\">>,\n            <<\"function\">>],\n           min,true,[]}\nTrace: [{exometer_report,report_values,2,\n                         [{file,\"/home/rob/Documents/DioxideLabs/Projects/Self/Bitfeed/Server/bitcoin_stream/deps/exometer_core/src/exometer_report.erl\"},\n                          {line,1557}]},\n        {exometer_report,do_report,2,\n                         [{file,\"/home/rob/Documents/DioxideLabs/Projects/Self/Bitfeed/Server/bitcoin_stream/deps/exometer_core/src/exometer_report.erl\"},\n                          {line,1228}]},\n        {exometer_report,handle_report,4,\n                         [{file,\"/home/rob/Documents/DioxideLabs/Projects/Self/Bitfeed/Server/bitcoin_stream/deps/exometer_core/src/exometer_report.erl\"},\n                          {line,1211}]},\n        {exometer_report,handle_info,2,\n                         [{file,\"/home/rob/Documents/DioxideLabs/Projects/Self/Bitfeed/Server/bitcoin_stream/deps/exometer_core/src/exometer_report.erl\"},\n                          {line,1126}]},\n        {gen_server,try_dispatch,4,[{file,\"gen_server.erl\"},{line,689}]},\n        {gen_server,handle_msg,6,[{file,\"gen_server.erl\"},{line,765}]},\n        {proc_lib,init_p_do_apply,3,[{file,\"proc_lib.erl\"},{line,226}]}]"},{options,[]}]
2021-04-08 10:53:01 =ERROR REPORT====
[{msg,"badarg\nKey = {key,'Elixir.BitcoinStream.ExometerReportDash',\n           [<<\"bitfeed_dash\">>,<<\"dev\">>,<<\"timers\">>,<<\"timed\">>,\n            <<\"function\">>],\n           n,true,[]}\nTrace: [{exometer_report,report_values,2,\n                         [{file,\"/home/rob/Documents/DioxideLabs/Projects/Self/Bitfeed/Server/bitcoin_stream/deps/exometer_core/src/exometer_report.erl\"},\n                          {line,1557}]},\n        {exometer_report,do_report,2,\n                         [{file,\"/home/rob/Documents/DioxideLabs/Projects/Self/Bitfeed/Server/bitcoin_stream/deps/exometer_core/src/exometer_report.erl\"},\n                          {line,1228}]},\n        {exometer_report,handle_report,4,\n                         [{file,\"/home/rob/Documents/DioxideLabs/Projects/Self/Bitfeed/Server/bitcoin_stream/deps/exometer_core/src/exometer_report.erl\"},\n                          {line,1211}]},\n        {exometer_report,handle_info,2,\n                         [{file,\"/home/rob/Documents/DioxideLabs/Projects/Self/Bitfeed/Server/bitcoin_stream/deps/exometer_core/src/exometer_report.erl\"},\n                          {line,1126}]},\n        {gen_server,try_dispatch,4,[{file,\"gen_server.erl\"},{line,689}]},\n        {gen_server,handle_msg,6,[{file,\"gen_server.erl\"},{line,765}]},\n        {proc_lib,init_p_do_apply,3,[{file,\"proc_lib.erl\"},{line,226}]}]"},{options,[]}]
2021-04-08 10:53:02 =CRASH REPORT====
  crasher:
    initial call: exometer_report:-spawn_reporter/2-fun-0-/0
    pid: <0.691.0>
    registered_name: 'Elixir.BitcoinStream.ExometerReportDash'
    exception error: bad argument: [{'Elixir.BitcoinStream.ExometerReportDash',exometer_report,5,[{file,"lib/exometer_report_dash.ex"},{line,16}]},{exometer_report,'-r_exometer_report/5-fun-0-',6,[{file,"/home/rob/Documents/DioxideLabs/Projects/Self/Bitfeed/Server/bitcoin_stream/deps/exometer_core/src/exometer_report.erl"},{line,1716}]},{lists,foldl,3,[{file,"lists.erl"},{line,1267}]},{exometer_report,reporter_loop,2,[{file,"/home/rob/Documents/DioxideLabs/Projects/Self/Bitfeed/Server/bitcoin_stream/deps/exometer_core/src/exometer_report.erl"},{line,1654}]},{proc_lib,init_p,3,[{file,"proc_lib.erl"},{line,211}]}]
    ancestors: [exometer_report,exometer_core_sup,<0.490.0>]
    message_queue_len: 2
    messages: [{exometer_report,[{[<<"bitfeed_dash">>,<<"dev">>,<<"timers">>,<<"timed">>,<<"function">>],[{75,77}]}],[]},{exometer_report,[{[<<"bitfeed_dash">>,<<"dev">>,<<"timers">>,<<"timed">>,<<"function">>],[{90,77}]}],[]}]
    links: []
    dictionary: []
    trap_exit: false
    status: running
    heap_size: 1598
    stack_size: 28
    reductions: 427
  neighbours:
2021-04-08 10:53:02 =ERROR REPORT====
[{msg,"badarg\nKey = {key,'Elixir.BitcoinStream.ExometerReportDash',\n           [<<\"bitfeed_dash\">>,<<\"dev\">>,<<\"timers\">>,<<\"timed\">>,\n            <<\"function\">>],\n           999,true,[]}\nTrace: [{exometer_report,report_values,2,\n                         [{file,\"/home/rob/Documents/DioxideLabs/Projects/Self/Bitfeed/Server/bitcoin_stream/deps/exometer_core/src/exometer_report.erl\"},\n                          {line,1557}]},\n        {exometer_report,do_report,2,\n                         [{file,\"/home/rob/Documents/DioxideLabs/Projects/Self/Bitfeed/Server/bitcoin_stream/deps/exometer_core/src/exometer_report.erl\"},\n                          {line,1228}]},\n        {exometer_report,handle_report,4,\n                         [{file,\"/home/rob/Documents/DioxideLabs/Projects/Self/Bitfeed/Server/bitcoin_stream/deps/exometer_core/src/exometer_report.erl\"},\n                          {line,1211}]},\n        {exometer_report,handle_info,2,\n                         [{file,\"/home/rob/Documents/DioxideLabs/Projects/Self/Bitfeed/Server/bitcoin_stream/deps/exometer_core/src/exometer_report.erl\"},\n                          {line,1126}]},\n        {gen_server,try_dispatch,4,[{file,\"gen_server.erl\"},{line,689}]},\n        {gen_server,handle_msg,6,[{file,\"gen_server.erl\"},{line,765}]},\n        {proc_lib,init_p_do_apply,3,[{file,\"proc_lib.erl\"},{line,226}]}]"},{options,[]}]
2021-04-08 10:53:02 =ERROR REPORT====
[{msg,"badarg\nKey = {key,'Elixir.BitcoinStream.ExometerReportDash',\n           [<<\"bitfeed_dash\">>,<<\"dev\">>,<<\"timers\">>,<<\"timed\">>,\n            <<\"function\">>],\n           max,true,[]}\nTrace: [{exometer_report,report_values,2,\n                         [{file,\"/home/rob/Documents/DioxideLabs/Projects/Self/Bitfeed/Server/bitcoin_stream/deps/exometer_core/src/exometer_report.erl\"},\n                          {line,1557}]},\n        {exometer_report,do_report,2,\n                         [{file,\"/home/rob/Documents/DioxideLabs/Projects/Self/Bitfeed/Server/bitcoin_stream/deps/exometer_core/src/exometer_report.erl\"},\n                          {line,1228}]},\n        {exometer_report,handle_report,4,\n                         [{file,\"/home/rob/Documents/DioxideLabs/Projects/Self/Bitfeed/Server/bitcoin_stream/deps/exometer_core/src/exometer_report.erl\"},\n                          {line,1211}]},\n        {exometer_report,handle_info,2,\n                         [{file,\"/home/rob/Documents/DioxideLabs/Projects/Self/Bitfeed/Server/bitcoin_stream/deps/exometer_core/src/exometer_report.erl\"},\n                          {line,1126}]},\n        {gen_server,try_dispatch,4,[{file,\"gen_server.erl\"},{line,689}]},\n        {gen_server,handle_msg,6,[{file,\"gen_server.erl\"},{line,765}]},\n        {proc_lib,init_p_do_apply,3,[{file,\"proc_lib.erl\"},{line,226}]}]"},{options,[]}]
2021-04-08 10:53:02 =ERROR REPORT====
[{msg,"badarg\nKey = {key,'Elixir.BitcoinStream.ExometerReportDash',\n           [<<\"bitfeed_dash\">>,<<\"dev\">>,<<\"timers\">>,<<\"timed\">>,\n            <<\"function\">>],\n           mean,true,[]}\nTrace: [{exometer_report,report_values,2,\n                         [{file,\"/home/rob/Documents/DioxideLabs/Projects/Self/Bitfeed/Server/bitcoin_stream/deps/exometer_core/src/exometer_report.erl\"},\n                          {line,1557}]},\n        {exometer_report,do_report,2,\n                         [{file,\"/home/rob/Documents/DioxideLabs/Projects/Self/Bitfeed/Server/bitcoin_stream/deps/exometer_core/src/exometer_report.erl\"},\n                          {line,1228}]},\n        {exometer_report,handle_report,4,\n                         [{file,\"/home/rob/Documents/DioxideLabs/Projects/Self/Bitfeed/Server/bitcoin_stream/deps/exometer_core/src/exometer_report.erl\"},\n                          {line,1211}]},\n        {exometer_report,handle_info,2,\n                         [{file,\"/home/rob/Documents/DioxideLabs/Projects/Self/Bitfeed/Server/bitcoin_stream/deps/exometer_core/src/exometer_report.erl\"},\n                          {line,1126}]},\n        {gen_server,try_dispatch,4,[{file,\"gen_server.erl\"},{line,689}]},\n        {gen_server,handle_msg,6,[{file,\"gen_server.erl\"},{line,765}]},\n        {proc_lib,init_p_do_apply,3,[{file,\"proc_lib.erl\"},{line,226}]}]"},{options,[]}]
2021-04-08 10:53:02 =ERROR REPORT====
[{msg,"badarg\nKey = {key,'Elixir.BitcoinStream.ExometerReportDash',\n           [<<\"bitfeed_dash\">>,<<\"dev\">>,<<\"timers\">>,<<\"timed\">>,\n            <<\"function\">>],\n           median,true,[]}\nTrace: [{exometer_report,report_values,2,\n                         [{file,\"/home/rob/Documents/DioxideLabs/Projects/Self/Bitfeed/Server/bitcoin_stream/deps/exometer_core/src/exometer_report.erl\"},\n                          {line,1557}]},\n        {exometer_report,do_report,2,\n                         [{file,\"/home/rob/Documents/DioxideLabs/Projects/Self/Bitfeed/Server/bitcoin_stream/deps/exometer_core/src/exometer_report.erl\"},\n                          {line,1228}]},\n        {exometer_report,handle_report,4,\n                         [{file,\"/home/rob/Documents/DioxideLabs/Projects/Self/Bitfeed/Server/bitcoin_stream/deps/exometer_core/src/exometer_report.erl\"},\n                          {line,1211}]},\n        {exometer_report,handle_info,2,\n                         [{file,\"/home/rob/Documents/DioxideLabs/Projects/Self/Bitfeed/Server/bitcoin_stream/deps/exometer_core/src/exometer_report.erl\"},\n                          {line,1126}]},\n        {gen_server,try_dispatch,4,[{file,\"gen_server.erl\"},{line,689}]},\n        {gen_server,handle_msg,6,[{file,\"gen_server.erl\"},{line,765}]},\n        {proc_lib,init_p_do_apply,3,[{file,\"proc_lib.erl\"},{line,226}]}]"},{options,[]}]
2021-04-08 10:53:02 =ERROR REPORT====
[{msg,"badarg\nKey = {key,'Elixir.BitcoinStream.ExometerReportDash',\n           [<<\"bitfeed_dash\">>,<<\"dev\">>,<<\"timers\">>,<<\"timed\">>,\n            <<\"function\">>],\n           min,true,[]}\nTrace: [{exometer_report,report_values,2,\n                         [{file,\"/home/rob/Documents/DioxideLabs/Projects/Self/Bitfeed/Server/bitcoin_stream/deps/exometer_core/src/exometer_report.erl\"},\n                          {line,1557}]},\n        {exometer_report,do_report,2,\n                         [{file,\"/home/rob/Documents/DioxideLabs/Projects/Self/Bitfeed/Server/bitcoin_stream/deps/exometer_core/src/exometer_report.erl\"},\n                          {line,1228}]},\n        {exometer_report,handle_report,4,\n                         [{file,\"/home/rob/Documents/DioxideLabs/Projects/Self/Bitfeed/Server/bitcoin_stream/deps/exometer_core/src/exometer_report.erl\"},\n                          {line,1211}]},\n        {exometer_report,handle_info,2,\n                         [{file,\"/home/rob/Documents/DioxideLabs/Projects/Self/Bitfeed/Server/bitcoin_stream/deps/exometer_core/src/exometer_report.erl\"},\n                          {line,1126}]},\n        {gen_server,try_dispatch,4,[{file,\"gen_server.erl\"},{line,689}]},\n        {gen_server,handle_msg,6,[{file,\"gen_server.erl\"},{line,765}]},\n        {proc_lib,init_p_do_apply,3,[{file,\"proc_lib.erl\"},{line,226}]}]"},{options,[]}]
2021-04-08 10:53:02 =ERROR REPORT====
[{msg,"badarg\nKey = {key,'Elixir.BitcoinStream.ExometerReportDash',\n           [<<\"bitfeed_dash\">>,<<\"dev\">>,<<\"timers\">>,<<\"timed\">>,\n            <<\"function\">>],\n           n,true,[]}\nTrace: [{exometer_report,report_values,2,\n                         [{file,\"/home/rob/Documents/DioxideLabs/Projects/Self/Bitfeed/Server/bitcoin_stream/deps/exometer_core/src/exometer_report.erl\"},\n                          {line,1557}]},\n        {exometer_report,do_report,2,\n                         [{file,\"/home/rob/Documents/DioxideLabs/Projects/Self/Bitfeed/Server/bitcoin_stream/deps/exometer_core/src/exometer_report.erl\"},\n                          {line,1228}]},\n        {exometer_report,handle_report,4,\n                         [{file,\"/home/rob/Documents/DioxideLabs/Projects/Self/Bitfeed/Server/bitcoin_stream/deps/exometer_core/src/exometer_report.erl\"},\n                          {line,1211}]},\n        {exometer_report,handle_info,2,\n                         [{file,\"/home/rob/Documents/DioxideLabs/Projects/Self/Bitfeed/Server/bitcoin_stream/deps/exometer_core/src/exometer_report.erl\"},\n                          {line,1126}]},\n        {gen_server,try_dispatch,4,[{file,\"gen_server.erl\"},{line,689}]},\n        {gen_server,handle_msg,6,[{file,\"gen_server.erl\"},{line,765}]},\n        {proc_lib,init_p_do_apply,3,[{file,\"proc_lib.erl\"},{line,226}]}]"},{options,[]}]
2021-04-08 10:53:03 =CRASH REPORT====
  crasher:
    initial call: exometer_report:-spawn_reporter/2-fun-0-/0
    pid: <0.692.0>
    registered_name: 'Elixir.BitcoinStream.ExometerReportDash'
    exception error: bad argument: [{'Elixir.BitcoinStream.ExometerReportDash',exometer_report,5,[{file,"lib/exometer_report_dash.ex"},{line,16}]},{exometer_report,'-r_exometer_report/5-fun-0-',6,[{file,"/home/rob/Documents/DioxideLabs/Projects/Self/Bitfeed/Server/bitcoin_stream/deps/exometer_core/src/exometer_report.erl"},{line,1716}]},{lists,foldl,3,[{file,"lists.erl"},{line,1267}]},{exometer_report,reporter_loop,2,[{file,"/home/rob/Documents/DioxideLabs/Projects/Self/Bitfeed/Server/bitcoin_stream/deps/exometer_core/src/exometer_report.erl"},{line,1654}]},{proc_lib,init_p,3,[{file,"proc_lib.erl"},{line,211}]}]
    ancestors: [exometer_report,exometer_core_sup,<0.490.0>]
    message_queue_len: 1
    messages: [{exometer_report,[{[<<"bitfeed_dash">>,<<"dev">>,<<"timers">>,<<"timed">>,<<"function">>],[{75,77}]}],[]}]
    links: []
    dictionary: []
    trap_exit: false
    status: running
    heap_size: 987
    stack_size: 28
    reductions: 344
  neighbours:
2021-04-08 10:53:03 =ERROR REPORT====
[{msg,"badarg\nKey = {key,'Elixir.BitcoinStream.ExometerReportDash',\n           [<<\"bitfeed_dash\">>,<<\"dev\">>,<<\"timers\">>,<<\"timed\">>,\n            <<\"function\">>],\n           99,true,[]}\nTrace: [{exometer_report,report_values,2,\n                         [{file,\"/home/rob/Documents/DioxideLabs/Projects/Self/Bitfeed/Server/bitcoin_stream/deps/exometer_core/src/exometer_report.erl\"},\n                          {line,1557}]},\n        {exometer_report,do_report,2,\n                         [{file,\"/home/rob/Documents/DioxideLabs/Projects/Self/Bitfeed/Server/bitcoin_stream/deps/exometer_core/src/exometer_report.erl\"},\n                          {line,1228}]},\n        {exometer_report,handle_report,4,\n                         [{file,\"/home/rob/Documents/DioxideLabs/Projects/Self/Bitfeed/Server/bitcoin_stream/deps/exometer_core/src/exometer_report.erl\"},\n                          {line,1211}]},\n        {exometer_report,handle_info,2,\n                         [{file,\"/home/rob/Documents/DioxideLabs/Projects/Self/Bitfeed/Server/bitcoin_stream/deps/exometer_core/src/exometer_report.erl\"},\n                          {line,1126}]},\n        {gen_server,try_dispatch,4,[{file,\"gen_server.erl\"},{line,689}]},\n        {gen_server,handle_msg,6,[{file,\"gen_server.erl\"},{line,765}]},\n        {proc_lib,init_p_do_apply,3,[{file,\"proc_lib.erl\"},{line,226}]}]"},{options,[]}]
2021-04-08 10:53:03 =ERROR REPORT====
[{msg,"badarg\nKey = {key,'Elixir.BitcoinStream.ExometerReportDash',\n           [<<\"bitfeed_dash\">>,<<\"dev\">>,<<\"timers\">>,<<\"timed\">>,\n            <<\"function\">>],\n           999,true,[]}\nTrace: [{exometer_report,report_values,2,\n                         [{file,\"/home/rob/Documents/DioxideLabs/Projects/Self/Bitfeed/Server/bitcoin_stream/deps/exometer_core/src/exometer_report.erl\"},\n                          {line,1557}]},\n        {exometer_report,do_report,2,\n                         [{file,\"/home/rob/Documents/DioxideLabs/Projects/Self/Bitfeed/Server/bitcoin_stream/deps/exometer_core/src/exometer_report.erl\"},\n                          {line,1228}]},\n        {exometer_report,handle_report,4,\n                         [{file,\"/home/rob/Documents/DioxideLabs/Projects/Self/Bitfeed/Server/bitcoin_stream/deps/exometer_core/src/exometer_report.erl\"},\n                          {line,1211}]},\n        {exometer_report,handle_info,2,\n                         [{file,\"/home/rob/Documents/DioxideLabs/Projects/Self/Bitfeed/Server/bitcoin_stream/deps/exometer_core/src/exometer_report.erl\"},\n                          {line,1126}]},\n        {gen_server,try_dispatch,4,[{file,\"gen_server.erl\"},{line,689}]},\n        {gen_server,handle_msg,6,[{file,\"gen_server.erl\"},{line,765}]},\n        {proc_lib,init_p_do_apply,3,[{file,\"proc_lib.erl\"},{line,226}]}]"},{options,[]}]
2021-04-08 10:53:03 =ERROR REPORT====
[{msg,"badarg\nKey = {key,'Elixir.BitcoinStream.ExometerReportDash',\n           [<<\"bitfeed_dash\">>,<<\"dev\">>,<<\"timers\">>,<<\"timed\">>,\n            <<\"function\">>],\n           max,true,[]}\nTrace: [{exometer_report,report_values,2,\n                         [{file,\"/home/rob/Documents/DioxideLabs/Projects/Self/Bitfeed/Server/bitcoin_stream/deps/exometer_core/src/exometer_report.erl\"},\n                          {line,1557}]},\n        {exometer_report,do_report,2,\n                         [{file,\"/home/rob/Documents/DioxideLabs/Projects/Self/Bitfeed/Server/bitcoin_stream/deps/exometer_core/src/exometer_report.erl\"},\n                          {line,1228}]},\n        {exometer_report,handle_report,4,\n                         [{file,\"/home/rob/Documents/DioxideLabs/Projects/Self/Bitfeed/Server/bitcoin_stream/deps/exometer_core/src/exometer_report.erl\"},\n                          {line,1211}]},\n        {exometer_report,handle_info,2,\n                         [{file,\"/home/rob/Documents/DioxideLabs/Projects/Self/Bitfeed/Server/bitcoin_stream/deps/exometer_core/src/exometer_report.erl\"},\n                          {line,1126}]},\n        {gen_server,try_dispatch,4,[{file,\"gen_server.erl\"},{line,689}]},\n        {gen_server,handle_msg,6,[{file,\"gen_server.erl\"},{line,765}]},\n        {proc_lib,init_p_do_apply,3,[{file,\"proc_lib.erl\"},{line,226}]}]"},{options,[]}]
2021-04-08 10:53:03 =ERROR REPORT====
[{msg,"badarg\nKey = {key,'Elixir.BitcoinStream.ExometerReportDash',\n           [<<\"bitfeed_dash\">>,<<\"dev\">>,<<\"timers\">>,<<\"timed\">>,\n            <<\"function\">>],\n           mean,true,[]}\nTrace: [{exometer_report,report_values,2,\n                         [{file,\"/home/rob/Documents/DioxideLabs/Projects/Self/Bitfeed/Server/bitcoin_stream/deps/exometer_core/src/exometer_report.erl\"},\n                          {line,1557}]},\n        {exometer_report,do_report,2,\n                         [{file,\"/home/rob/Documents/DioxideLabs/Projects/Self/Bitfeed/Server/bitcoin_stream/deps/exometer_core/src/exometer_report.erl\"},\n                          {line,1228}]},\n        {exometer_report,handle_report,4,\n                         [{file,\"/home/rob/Documents/DioxideLabs/Projects/Self/Bitfeed/Server/bitcoin_stream/deps/exometer_core/src/exometer_report.erl\"},\n                          {line,1211}]},\n        {exometer_report,handle_info,2,\n                         [{file,\"/home/rob/Documents/DioxideLabs/Projects/Self/Bitfeed/Server/bitcoin_stream/deps/exometer_core/src/exometer_report.erl\"},\n                          {line,1126}]},\n        {gen_server,try_dispatch,4,[{file,\"gen_server.erl\"},{line,689}]},\n        {gen_server,handle_msg,6,[{file,\"gen_server.erl\"},{line,765}]},\n        {proc_lib,init_p_do_apply,3,[{file,\"proc_lib.erl\"},{line,226}]}]"},{options,[]}]
2021-04-08 10:53:03 =ERROR REPORT====
[{msg,"badarg\nKey = {key,'Elixir.BitcoinStream.ExometerReportDash',\n           [<<\"bitfeed_dash\">>,<<\"dev\">>,<<\"timers\">>,<<\"timed\">>,\n            <<\"function\">>],\n           median,true,[]}\nTrace: [{exometer_report,report_values,2,\n                         [{file,\"/home/rob/Documents/DioxideLabs/Projects/Self/Bitfeed/Server/bitcoin_stream/deps/exometer_core/src/exometer_report.erl\"},\n                          {line,1557}]},\n        {exometer_report,do_report,2,\n                         [{file,\"/home/rob/Documents/DioxideLabs/Projects/Self/Bitfeed/Server/bitcoin_stream/deps/exometer_core/src/exometer_report.erl\"},\n                          {line,1228}]},\n        {exometer_report,handle_report,4,\n                         [{file,\"/home/rob/Documents/DioxideLabs/Projects/Self/Bitfeed/Server/bitcoin_stream/deps/exometer_core/src/exometer_report.erl\"},\n                          {line,1211}]},\n        {exometer_report,handle_info,2,\n                         [{file,\"/home/rob/Documents/DioxideLabs/Projects/Self/Bitfeed/Server/bitcoin_stream/deps/exometer_core/src/exometer_report.erl\"},\n                          {line,1126}]},\n        {gen_server,try_dispatch,4,[{file,\"gen_server.erl\"},{line,689}]},\n        {gen_server,handle_msg,6,[{file,\"gen_server.erl\"},{line,765}]},\n        {proc_lib,init_p_do_apply,3,[{file,\"proc_lib.erl\"},{line,226}]}]"},{options,[]}]
2021-04-08 10:53:03 =ERROR REPORT====
[{msg,"badarg\nKey = {key,'Elixir.BitcoinStream.ExometerReportDash',\n           [<<\"bitfeed_dash\">>,<<\"dev\">>,<<\"timers\">>,<<\"timed\">>,\n            <<\"function\">>],\n           min,true,[]}\nTrace: [{exometer_report,report_values,2,\n                         [{file,\"/home/rob/Documents/DioxideLabs/Projects/Self/Bitfeed/Server/bitcoin_stream/deps/exometer_core/src/exometer_report.erl\"},\n                          {line,1557}]},\n        {exometer_report,do_report,2,\n                         [{file,\"/home/rob/Documents/DioxideLabs/Projects/Self/Bitfeed/Server/bitcoin_stream/deps/exometer_core/src/exometer_report.erl\"},\n                          {line,1228}]},\n        {exometer_report,handle_report,4,\n                         [{file,\"/home/rob/Documents/DioxideLabs/Projects/Self/Bitfeed/Server/bitcoin_stream/deps/exometer_core/src/exometer_report.erl\"},\n                          {line,1211}]},\n        {exometer_report,handle_info,2,\n                         [{file,\"/home/rob/Documents/DioxideLabs/Projects/Self/Bitfeed/Server/bitcoin_stream/deps/exometer_core/src/exometer_report.erl\"},\n                          {line,1126}]},\n        {gen_server,try_dispatch,4,[{file,\"gen_server.erl\"},{line,689}]},\n        {gen_server,handle_msg,6,[{file,\"gen_server.erl\"},{line,765}]},\n        {proc_lib,init_p_do_apply,3,[{file,\"proc_lib.erl\"},{line,226}]}]"},{options,[]}]
2021-04-08 10:53:03 =ERROR REPORT====
[{msg,"badarg\nKey = {key,'Elixir.BitcoinStream.ExometerReportDash',\n           [<<\"bitfeed_dash\">>,<<\"dev\">>,<<\"timers\">>,<<\"timed\">>,\n            <<\"function\">>],\n           n,true,[]}\nTrace: [{exometer_report,report_values,2,\n                         [{file,\"/home/rob/Documents/DioxideLabs/Projects/Self/Bitfeed/Server/bitcoin_stream/deps/exometer_core/src/exometer_report.erl\"},\n                          {line,1557}]},\n        {exometer_report,do_report,2,\n                         [{file,\"/home/rob/Documents/DioxideLabs/Projects/Self/Bitfeed/Server/bitcoin_stream/deps/exometer_core/src/exometer_report.erl\"},\n                          {line,1228}]},\n        {exometer_report,handle_report,4,\n                         [{file,\"/home/rob/Documents/DioxideLabs/Projects/Self/Bitfeed/Server/bitcoin_stream/deps/exometer_core/src/exometer_report.erl\"},\n                          {line,1211}]},\n        {exometer_report,handle_info,2,\n                         [{file,\"/home/rob/Documents/DioxideLabs/Projects/Self/Bitfeed/Server/bitcoin_stream/deps/exometer_core/src/exometer_report.erl\"},\n                          {line,1126}]},\n        {gen_server,try_dispatch,4,[{file,\"gen_server.erl\"},{line,689}]},\n        {gen_server,handle_msg,6,[{file,\"gen_server.erl\"},{line,765}]},\n        {proc_lib,init_p_do_apply,3,[{file,\"proc_lib.erl\"},{line,226}]}]"},{options,[]}]
2021-04-08 11:24:48 =SUPERVISOR REPORT====
     Supervisor: {local,'Elixir.BitcoinStream.Application'}
     Context:    start_error
     Reason:     {'EXIT',{undef,[{'Elixir.BitcoinStream.Metrics.Probe',start_link,[[]],[]},{supervisor,do_start_child_i,3,[{file,"supervisor.erl"},{line,385}]},{supervisor,do_start_child,2,[{file,"supervisor.erl"},{line,371}]},{supervisor,'-start_children/2-fun-0-',3,[{file,"supervisor.erl"},{line,355}]},{supervisor,children_map,4,[{file,"supervisor.erl"},{line,1171}]},{supervisor,init_children,2,[{file,"supervisor.erl"},{line,321}]},{gen_server,init_it,2,[{file,"gen_server.erl"},{line,417}]},{gen_server,init_it,6,[{file,"gen_server.erl"},{line,385}]}]}}
     Offender:   [{pid,undefined},{id,'Elixir.BitcoinStream.Metrics.Probe'},{mfargs,{'Elixir.BitcoinStream.Metrics.Probe',start_link,[[]]}},{restart_type,permanent},{shutdown,5000},{child_type,worker}]

2021-04-08 11:24:48 =CRASH REPORT====
  crasher:
    initial call: application_master:init/4
    pid: <0.577.0>
    registered_name: []
    exception exit: {{{shutdown,{failed_to_start_child,'Elixir.BitcoinStream.Metrics.Probe',{'EXIT',{undef,[{'Elixir.BitcoinStream.Metrics.Probe',start_link,[[]],[]},{supervisor,do_start_child_i,3,[{file,"supervisor.erl"},{line,385}]},{supervisor,do_start_child,2,[{file,"supervisor.erl"},{line,371}]},{supervisor,'-start_children/2-fun-0-',3,[{file,"supervisor.erl"},{line,355}]},{supervisor,children_map,4,[{file,"supervisor.erl"},{line,1171}]},{supervisor,init_children,2,[{file,"supervisor.erl"},{line,321}]},{gen_server,init_it,2,[{file,"gen_server.erl"},{line,417}]},{gen_server,init_it,6,[{file,"gen_server.erl"},{line,385}]}]}}}},{'Elixir.BitcoinStream.Server',start,[normal,[]]}},[{application_master,init,4,[{file,"application_master.erl"},{line,138}]},{proc_lib,init_p_do_apply,3,[{file,"proc_lib.erl"},{line,226}]}]}
    ancestors: [<0.576.0>]
    message_queue_len: 1
    messages: [{'EXIT',<0.578.0>,normal}]
    links: [<0.576.0>,<0.44.0>]
    dictionary: []
    trap_exit: true
    status: running
    heap_size: 987
    stack_size: 28
    reductions: 267
  neighbours:
2021-04-08 11:27:20 =SUPERVISOR REPORT====
     Supervisor: {local,'Elixir.BitcoinStream.Application'}
     Context:    start_error
     Reason:     {'EXIT',{undef,[{'Elixir.BitcoinStream.Metrics.Probe',start_link,[[]],[]},{supervisor,do_start_child_i,3,[{file,"supervisor.erl"},{line,385}]},{supervisor,do_start_child,2,[{file,"supervisor.erl"},{line,371}]},{supervisor,'-start_children/2-fun-0-',3,[{file,"supervisor.erl"},{line,355}]},{supervisor,children_map,4,[{file,"supervisor.erl"},{line,1171}]},{supervisor,init_children,2,[{file,"supervisor.erl"},{line,321}]},{gen_server,init_it,2,[{file,"gen_server.erl"},{line,417}]},{gen_server,init_it,6,[{file,"gen_server.erl"},{line,385}]}]}}
     Offender:   [{pid,undefined},{id,'Elixir.BitcoinStream.Metrics.Probe'},{mfargs,{'Elixir.BitcoinStream.Metrics.Probe',start_link,[[]]}},{restart_type,permanent},{shutdown,5000},{child_type,worker}]

2021-04-08 11:27:20 =CRASH REPORT====
  crasher:
    initial call: application_master:init/4
    pid: <0.470.0>
    registered_name: []
    exception exit: {{{shutdown,{failed_to_start_child,'Elixir.BitcoinStream.Metrics.Probe',{'EXIT',{undef,[{'Elixir.BitcoinStream.Metrics.Probe',start_link,[[]],[]},{supervisor,do_start_child_i,3,[{file,"supervisor.erl"},{line,385}]},{supervisor,do_start_child,2,[{file,"supervisor.erl"},{line,371}]},{supervisor,'-start_children/2-fun-0-',3,[{file,"supervisor.erl"},{line,355}]},{supervisor,children_map,4,[{file,"supervisor.erl"},{line,1171}]},{supervisor,init_children,2,[{file,"supervisor.erl"},{line,321}]},{gen_server,init_it,2,[{file,"gen_server.erl"},{line,417}]},{gen_server,init_it,6,[{file,"gen_server.erl"},{line,385}]}]}}}},{'Elixir.BitcoinStream.Server',start,[normal,[]]}},[{application_master,init,4,[{file,"application_master.erl"},{line,138}]},{proc_lib,init_p_do_apply,3,[{file,"proc_lib.erl"},{line,226}]}]}
    ancestors: [<0.469.0>]
    message_queue_len: 1
    messages: [{'EXIT',<0.471.0>,normal}]
    links: [<0.469.0>,<0.44.0>]
    dictionary: []
    trap_exit: true
    status: running
    heap_size: 987
    stack_size: 28
    reductions: 267
  neighbours:
2021-04-08 11:27:52 =SUPERVISOR REPORT====
     Supervisor: {local,'Elixir.BitcoinStream.Application'}
     Context:    start_error
     Reason:     {'EXIT',{undef,[{'Elixir.BitcoinStream.Metrics.Probe',start_link,[[]],[]},{supervisor,do_start_child_i,3,[{file,"supervisor.erl"},{line,385}]},{supervisor,do_start_child,2,[{file,"supervisor.erl"},{line,371}]},{supervisor,'-start_children/2-fun-0-',3,[{file,"supervisor.erl"},{line,355}]},{supervisor,children_map,4,[{file,"supervisor.erl"},{line,1171}]},{supervisor,init_children,2,[{file,"supervisor.erl"},{line,321}]},{gen_server,init_it,2,[{file,"gen_server.erl"},{line,417}]},{gen_server,init_it,6,[{file,"gen_server.erl"},{line,385}]}]}}
     Offender:   [{pid,undefined},{id,'Elixir.BitcoinStream.Metrics.Probe'},{mfargs,{'Elixir.BitcoinStream.Metrics.Probe',start_link,[[]]}},{restart_type,permanent},{shutdown,5000},{child_type,worker}]

2021-04-08 11:27:52 =CRASH REPORT====
  crasher:
    initial call: application_master:init/4
    pid: <0.470.0>
    registered_name: []
    exception exit: {{{shutdown,{failed_to_start_child,'Elixir.BitcoinStream.Metrics.Probe',{'EXIT',{undef,[{'Elixir.BitcoinStream.Metrics.Probe',start_link,[[]],[]},{supervisor,do_start_child_i,3,[{file,"supervisor.erl"},{line,385}]},{supervisor,do_start_child,2,[{file,"supervisor.erl"},{line,371}]},{supervisor,'-start_children/2-fun-0-',3,[{file,"supervisor.erl"},{line,355}]},{supervisor,children_map,4,[{file,"supervisor.erl"},{line,1171}]},{supervisor,init_children,2,[{file,"supervisor.erl"},{line,321}]},{gen_server,init_it,2,[{file,"gen_server.erl"},{line,417}]},{gen_server,init_it,6,[{file,"gen_server.erl"},{line,385}]}]}}}},{'Elixir.BitcoinStream.Server',start,[normal,[]]}},[{application_master,init,4,[{file,"application_master.erl"},{line,138}]},{proc_lib,init_p_do_apply,3,[{file,"proc_lib.erl"},{line,226}]}]}
    ancestors: [<0.469.0>]
    message_queue_len: 1
    messages: [{'EXIT',<0.471.0>,normal}]
    links: [<0.469.0>,<0.44.0>]
    dictionary: []
    trap_exit: true
    status: running
    heap_size: 987
    stack_size: 28
    reductions: 266
  neighbours:
2021-04-08 11:28:07 =ERROR REPORT====
** Generic server <0.478.0> terminating 
** Last message in was tick
** When Server state == #{}
** Reason for termination ==
** {badarith,[{'Elixir.BitcoinStream.Metrics.Probe',handle_info,2,[{file,"lib/metrics/probe.ex"},{line,26}]},{gen_server,try_dispatch,4,[{file,"gen_server.erl"},{line,689}]},{gen_server,handle_msg,6,[{file,"gen_server.erl"},{line,765}]},{proc_lib,init_p_do_apply,3,[{file,"proc_lib.erl"},{line,226}]}]}
2021-04-08 11:28:07 =CRASH REPORT====
  crasher:
    initial call: Elixir.BitcoinStream.Metrics.Probe:init/1
    pid: <0.478.0>
    registered_name: []
    exception error: {badarith,[{'Elixir.BitcoinStream.Metrics.Probe',handle_info,2,[{file,"lib/metrics/probe.ex"},{line,26}]},{gen_server,try_dispatch,4,[{file,"gen_server.erl"},{line,689}]},{gen_server,handle_msg,6,[{file,"gen_server.erl"},{line,765}]},{proc_lib,init_p_do_apply,3,[{file,"proc_lib.erl"},{line,226}]}]}
    ancestors: ['Elixir.BitcoinStream.Application',<0.471.0>]
    message_queue_len: 0
    messages: []
    links: [<0.472.0>,<0.392.0>]
    dictionary: []
    trap_exit: false
    status: running
    heap_size: 2586
    stack_size: 28
    reductions: 3452
  neighbours:
2021-04-08 11:28:07 =SUPERVISOR REPORT====
     Supervisor: {local,'Elixir.BitcoinStream.Application'}
     Context:    child_terminated
     Reason:     {badarith,[{'Elixir.BitcoinStream.Metrics.Probe',handle_info,2,[{file,"lib/metrics/probe.ex"},{line,26}]},{gen_server,try_dispatch,4,[{file,"gen_server.erl"},{line,689}]},{gen_server,handle_msg,6,[{file,"gen_server.erl"},{line,765}]},{proc_lib,init_p_do_apply,3,[{file,"proc_lib.erl"},{line,226}]}]}
     Offender:   [{pid,<0.478.0>},{id,'Elixir.BitcoinStream.Metrics.Probe'},{mfargs,{'Elixir.BitcoinStream.Metrics.Probe',start_link,[[]]}},{restart_type,permanent},{shutdown,5000},{child_type,worker}]

2021-04-08 11:28:08 =ERROR REPORT====
** Generic server <0.587.0> terminating 
** Last message in was tick
** When Server state == #{}
** Reason for termination ==
** {badarith,[{'Elixir.BitcoinStream.Metrics.Probe',handle_info,2,[{file,"lib/metrics/probe.ex"},{line,26}]},{gen_server,try_dispatch,4,[{file,"gen_server.erl"},{line,689}]},{gen_server,handle_msg,6,[{file,"gen_server.erl"},{line,765}]},{proc_lib,init_p_do_apply,3,[{file,"proc_lib.erl"},{line,226}]}]}
2021-04-08 11:28:08 =CRASH REPORT====
  crasher:
    initial call: Elixir.BitcoinStream.Metrics.Probe:init/1
    pid: <0.587.0>
    registered_name: []
    exception error: {badarith,[{'Elixir.BitcoinStream.Metrics.Probe',handle_info,2,[{file,"lib/metrics/probe.ex"},{line,26}]},{gen_server,try_dispatch,4,[{file,"gen_server.erl"},{line,689}]},{gen_server,handle_msg,6,[{file,"gen_server.erl"},{line,765}]},{proc_lib,init_p_do_apply,3,[{file,"proc_lib.erl"},{line,226}]}]}
    ancestors: ['Elixir.BitcoinStream.Application',<0.471.0>]
    message_queue_len: 0
    messages: []
    links: [<0.472.0>,<0.392.0>]
    dictionary: []
    trap_exit: false
    status: running
    heap_size: 2586
    stack_size: 28
    reductions: 3275
  neighbours:
2021-04-08 11:28:08 =SUPERVISOR REPORT====
     Supervisor: {local,'Elixir.BitcoinStream.Application'}
     Context:    child_terminated
     Reason:     {badarith,[{'Elixir.BitcoinStream.Metrics.Probe',handle_info,2,[{file,"lib/metrics/probe.ex"},{line,26}]},{gen_server,try_dispatch,4,[{file,"gen_server.erl"},{line,689}]},{gen_server,handle_msg,6,[{file,"gen_server.erl"},{line,765}]},{proc_lib,init_p_do_apply,3,[{file,"proc_lib.erl"},{line,226}]}]}
     Offender:   [{pid,<0.587.0>},{id,'Elixir.BitcoinStream.Metrics.Probe'},{mfargs,{'Elixir.BitcoinStream.Metrics.Probe',start_link,[[]]}},{restart_type,permanent},{shutdown,5000},{child_type,worker}]

2021-04-08 11:28:09 =ERROR REPORT====
** Generic server <0.588.0> terminating 
** Last message in was tick
** When Server state == #{}
** Reason for termination ==
** {badarith,[{'Elixir.BitcoinStream.Metrics.Probe',handle_info,2,[{file,"lib/metrics/probe.ex"},{line,26}]},{gen_server,try_dispatch,4,[{file,"gen_server.erl"},{line,689}]},{gen_server,handle_msg,6,[{file,"gen_server.erl"},{line,765}]},{proc_lib,init_p_do_apply,3,[{file,"proc_lib.erl"},{line,226}]}]}
2021-04-08 11:28:09 =CRASH REPORT====
  crasher:
    initial call: Elixir.BitcoinStream.Metrics.Probe:init/1
    pid: <0.588.0>
    registered_name: []
    exception error: {badarith,[{'Elixir.BitcoinStream.Metrics.Probe',handle_info,2,[{file,"lib/metrics/probe.ex"},{line,26}]},{gen_server,try_dispatch,4,[{file,"gen_server.erl"},{line,689}]},{gen_server,handle_msg,6,[{file,"gen_server.erl"},{line,765}]},{proc_lib,init_p_do_apply,3,[{file,"proc_lib.erl"},{line,226}]}]}
    ancestors: ['Elixir.BitcoinStream.Application',<0.471.0>]
    message_queue_len: 0
    messages: []
    links: [<0.472.0>,<0.392.0>]
    dictionary: []
    trap_exit: false
    status: running
    heap_size: 2586
    stack_size: 28
    reductions: 3275
  neighbours:
2021-04-08 11:28:09 =SUPERVISOR REPORT====
     Supervisor: {local,'Elixir.BitcoinStream.Application'}
     Context:    child_terminated
     Reason:     {badarith,[{'Elixir.BitcoinStream.Metrics.Probe',handle_info,2,[{file,"lib/metrics/probe.ex"},{line,26}]},{gen_server,try_dispatch,4,[{file,"gen_server.erl"},{line,689}]},{gen_server,handle_msg,6,[{file,"gen_server.erl"},{line,765}]},{proc_lib,init_p_do_apply,3,[{file,"proc_lib.erl"},{line,226}]}]}
     Offender:   [{pid,<0.588.0>},{id,'Elixir.BitcoinStream.Metrics.Probe'},{mfargs,{'Elixir.BitcoinStream.Metrics.Probe',start_link,[[]]}},{restart_type,permanent},{shutdown,5000},{child_type,worker}]

